Scenario - 
Logfile written - 08/15/2017 18:26:34

Subject	Trial	Event Type	Code	Time	TTime	Uncertainty	Duration	Uncertainty	ReqTime	ReqDur	Stim Type	Pair Index

10106001_II_b	1	Response	252	33380	33047	1
10106001_II_b	3	Sound	3	49313	132	1			0		other	0
10106001_II_b	3	Response	1	51299	2118	1
10106001_II_b	4	Sound	13	72111	91	1			0		other	0
10106001_II_b	4	Response	1	73537	1517	1
10106001_II_b	5	Sound	12	84010	153	1			0		other	0
10106001_II_b	5	Response	1	86496	2639	1
10106001_II_b	6	Sound	12	97609	81	1			0		other	0
10106001_II_b	6	Response	1	99135	1608	1
10106001_II_b	7	Sound	9	113508	142	1			0		other	0
10106001_II_b	7	Response	1	115534	2169	1
10106001_II_b	7	Response	1	132733	19367	1
10106001_II_b	8	Sound	11	135206	168	1			0		other	0
10106001_II_b	9	Sound	6	150205	163	1			0		other	0
10106001_II_b	9	Response	1	151771	1729	1
10106001_II_b	10	Sound	7	172404	188	1			0		other	0
10106001_II_b	10	Response	1	174090	1874	1
10106001_II_b	11	Sound	7	183503	117	1			0		other	0
10106001_II_b	11	Response	1	185449	2063	1
10106001_II_b	12	Sound	10	195402	362	1			0		other	0
10106001_II_b	12	Response	1	196088	1048	1
10106001_II_b	13	Sound	11	213701	140	1			0		other	0
10106001_II_b	13	Response	1	214887	1326	1
10106001_II_b	14	Sound	12	232200	134	1			0		other	0
10106001_II_b	14	Response	1	233445	1379	1
10106001_II_b	15	Sound	12	244999	96	1			0		other	0
10106001_II_b	15	Response	1	248084	3181	1
10106001_II_b	16	Sound	12	260898	157	1			0		other	0
10106001_II_b	16	Response	1	262483	1742	1
10106001_II_b	17	Sound	6	280396	150	1			0		other	0
10106001_II_b	17	Response	1	282162	1915	1
10106001_II_b	18	Sound	10	297095	177	1			0		other	0
10106001_II_b	18	Response	1	299681	2763	1
10106001_II_b	18	Response	1	316000	19081	1
10106001_II_b	19	Sound	11	319094	169	1			0		other	0
10106001_II_b	20	Sound	12	339192	95	1			0		other	0
10106001_II_b	20	Response	1	340958	1861	1
10106001_II_b	21	Sound	6	363390	120	1			0		other	0
10106001_II_b	21	Response	1	365196	1925	1
10106001_II_b	22	Sound	10	376290	182	1			0		other	0
10106001_II_b	22	Response	1	379195	3087	1
10106001_II_b	23	Sound	5	390889	110	1			0		other	0
10106001_II_b	23	Response	1	393114	2336	1
10106001_II_b	24	Sound	7	411087	137	1			0		other	0
10106001_II_b	24	Response	1	413032	2082	1
10106001_II_b	25	Sound	13	435085	128	1			0		other	0
10106001_II_b	25	Response	1	436871	1913	1
10106001_II_b	25	Response	1	451270	16312	1
10106001_II_b	26	Sound	9	458584	120	1			0		other	0
10106001_II_b	27	Sound	8	480482	179	1			0		other	0
10106001_II_b	27	Response	1	482707	2403	1
10106001_II_b	28	Sound	11	497581	106	1			0		other	0
10106001_II_b	28	Response	1	500866	3390	1
10106001_II_b	29	Sound	9	515980	166	1			0		other	0
10106001_II_b	29	Response	1	519425	3611	1
10106001_II_b	30	Sound	5	537578	91	1			0		other	0
10106001_II_b	30	Response	1	540383	2896	1
10106001_II_b	31	Sound	13	558177	184	1			0		other	0
10106001_II_b	31	Response	1	561741	3749	1
10106001_II_b	32	Sound	9	582275	109	1			0		other	0
10106001_II_b	32	Response	1	582780	613	1
10106001_II_b	33	Sound	8	595174	171	1			0		other	0
10106001_II_b	33	Response	1	597579	2576	1
10106001_II_b	34	Sound	11	618973	129	1			0		other	0
10106001_II_b	34	Response	1	620537	1694	1
10106001_II_b	35	Sound	12	631172	158	1			0		other	0
10106001_II_b	35	Response	1	633896	2883	1
10106001_II_b	36	Sound	12	653670	150	1			0		other	0
10106001_II_b	36	Response	1	657014	3495	1
10106001_II_b	37	Sound	6	671669	144	1			0		other	0
10106001_II_b	37	Response	1	674053	2528	1
10106001_II_b	38	Sound	13	683468	106	1			0		other	0
10106001_II_b	38	Response	1	687572	4210	1
10106001_II_b	39	Sound	12	697167	135	1			0		other	0
10106001_II_b	39	Response	1	700451	3419	1
10106001_II_b	40	Sound	9	716366	161	1			0		other	0
10106001_II_b	40	Response	1	719730	3525	1
10106001_II_b	41	Sound	5	738864	153	1			0		other	0
10106001_II_b	41	Response	1	747888	9177	1
10106001_II_b	42	Sound	7	753863	148	1			0		other	0
10106001_II_b	43	Sound	7	773862	141	1			0		other	0
10106001_II_b	43	Response	1	776526	2805	1
10106001_II_b	44	Sound	7	791560	168	1			0		other	0
10106001_II_b	44	Response	1	793085	1692	1
10106001_II_b	45	Sound	10	804559	163	1			0		other	0
10106001_II_b	45	Response	1	807963	3567	1
10106001_II_b	46	Sound	11	822058	157	1			0		other	0
10106001_II_b	46	Response	1	823482	1581	1
10106001_II_b	47	Sound	9	838557	151	1			0		other	0
10106001_II_b	47	Response	1	840761	2355	1
10106001_II_b	48	Sound	8	860056	143	1			0		other	0
10106001_II_b	48	Response	1	860599	687	1
10106001_II_b	49	Sound	8	875055	138	1			0		other	0
10106001_II_b	49	Response	1	879398	4481	1
10106001_II_b	50	Sound	5	897753	163	1			0		other	0
10106001_II_b	50	Response	1	900117	2527	1
10106001_II_b	51	Sound	10	920051	122	1			0		other	0
10106001_II_b	51	Response	1	922675	2745	1
10106001_II_b	52	Sound	11	936750	149	1			0		other	0
10106001_II_b	52	Response	1	939714	3113	1
10106001_II_b	53	Sound	6	949949	178	1			0		other	0
10106001_II_b	53	Response	1	954113	4341	1
10106001_II_b	54	Sound	10	969948	171	1			0		other	0
10106001_II_b	54	Response	1	972191	2414	1
10106001_II_b	55	Sound	11	981947	167	1			0		other	0
10106001_II_b	55	Response	1	983790	2010	1
10106001_II_b	56	Sound	6	994446	162	1			0		other	0
10106001_II_b	56	Response	1	996030	1745	1
10106001_II_b	58	Response	1	1017628	1671	1
10106001_II_b	58	Response	252	1191775	175818	1
10106001_II_b	60	Sound	7	1207631	120	1			0		other	0
10106001_II_b	60	Response	1	1209214	1702	1
10106001_II_b	61	Sound	13	1232029	177	1			0		other	0
10106001_II_b	61	Response	1	1233452	1600	1
10106001_II_b	62	Sound	12	1250828	137	1			0		other	0
10106001_II_b	62	Response	1	1252731	2040	1
10106001_II_b	63	Sound	12	1270127	97	1			0		other	0
10106001_II_b	63	Response	1	1271929	1900	1
10106001_II_b	64	Sound	9	1293025	156	1			0		other	0
10106001_II_b	64	Response	1	1295768	2898	1
10106001_II_b	65	Sound	11	1311824	116	1			0		other	0
10106001_II_b	65	Response	1	1313606	1898	1
10106001_II_b	66	Sound	6	1330323	109	1			0		other	0
10106001_II_b	66	Response	1	1332005	1791	1
10106001_II_b	67	Sound	7	1347321	281	1			0		other	0
10106001_II_b	67	Response	1	1349044	2003	1
10106001_II_b	68	Sound	7	1369820	95	1			0		other	0
10106001_II_b	68	Response	1	1371762	2037	1
10106001_II_b	69	Sound	10	1390018	121	1			0		other	0
10106001_II_b	69	Response	1	1392481	2583	1
10106001_II_b	70	Sound	11	1409917	181	1			0		other	0
10106001_II_b	70	Response	1	1411919	2183	1
10106001_II_b	71	Sound	12	1429516	107	1			0		other	0
10106001_II_b	71	Response	1	1431358	1949	1
10106001_II_b	72	Sound	12	1453514	99	1			0		other	0
10106001_II_b	72	Response	1	1454956	1541	1
10106001_II_b	73	Sound	12	1466513	94	1			0		other	0
10106001_II_b	73	Response	1	1469595	3176	1
10106001_II_b	74	Sound	6	1490911	152	1			0		other	0
10106001_II_b	74	Response	1	1492793	2034	1
10106001_II_b	75	Sound	10	1512910	144	1			0		other	0
10106001_II_b	75	Response	1	1515032	2266	1
10106001_II_b	76	Sound	11	1528409	139	1			0		other	0
10106001_II_b	76	Response	1	1530310	2040	1
10106001_II_b	77	Sound	12	1543408	133	1			0		other	0
10106001_II_b	77	Response	1	1545189	1915	1
10106001_II_b	78	Sound	6	1565906	125	1			0		other	0
10106001_II_b	78	Response	1	1567668	1887	1
10106001_II_b	79	Sound	10	1579105	154	1			0		other	0
10106001_II_b	79	Response	1	1581907	2955	1
10106001_II_b	80	Sound	5	1602903	112	1			0		other	0
10106001_II_b	80	Response	1	1603985	1194	1
10106001_II_b	81	Sound	7	1615603	141	1			0		other	0
10106001_II_b	81	Response	1	1617744	2282	1
10106001_II_b	82	Sound	13	1629102	136	1			0		other	0
10106001_II_b	82	Response	1	1631263	2297	1
10106001_II_b	83	Sound	9	1652100	128	1			0		other	0
10106001_II_b	83	Response	1	1654621	2649	1
10106001_II_b	84	Sound	8	1671099	121	1			0		other	0
10106001_II_b	84	Response	1	1674060	3082	1
10106001_II_b	85	Sound	11	1682798	150	1			0		other	0
10106001_II_b	85	Response	1	1685419	2771	1
10106001_II_b	86	Sound	9	1706996	175	1			0		other	0
10106001_II_b	86	Response	1	1709417	2596	1
10106001_II_b	87	Sound	5	1720595	103	1			0		other	0
10106001_II_b	87	Response	1	1722136	1645	1
10106001_II_b	88	Sound	13	1733994	165	1			0		other	0
10106001_II_b	88	Response	1	1737015	3186	1
10106001_II_b	89	Sound	9	1747493	161	1			0		other	0
10106001_II_b	89	Response	1	1750934	3601	2
10106001_II_b	90	Sound	8	1772192	185	1			0		other	0
10106001_II_b	90	Response	1	1774533	2526	1
10106001_II_b	91	Sound	11	1783991	148	1			0		other	0
10106001_II_b	91	Response	1	1787252	3408	1
10106001_II_b	92	Sound	12	1804789	107	1			0		other	0
10106001_II_b	92	Response	1	1806450	1768	1
10106001_II_b	93	Sound	12	1817788	102	1			0		other	0
10106001_II_b	93	Response	1	1819729	2043	1
10106001_II_b	94	Sound	6	1835287	96	1			0		other	0
10106001_II_b	94	Response	1	1836768	1576	1
10106001_II_b	95	Sound	13	1848186	158	1			0		other	0
10106001_II_b	95	Response	1	1850127	2099	1
10106001_II_b	96	Sound	12	1862385	186	1			0		other	0
10106001_II_b	96	Response	1	1864126	1927	1
10106001_II_b	97	Sound	9	1881884	179	1			0		other	0
10106001_II_b	97	Response	1	1883965	2260	1
10106001_II_b	98	Sound	5	1903682	138	1			0		other	0
10106001_II_b	98	Response	1	1905643	2099	1
10106001_II_b	99	Sound	7	1927881	163	1			0		other	0
10106001_II_b	99	Response	1	1929641	1923	1
10106001_II_b	100	Sound	7	1946979	89	1			0		other	0
10106001_II_b	100	Response	1	1948440	1550	1
10106001_II_b	101	Sound	7	1958878	152	1			0		other	0
10106001_II_b	101	Response	1	1960839	2112	1
10106001_II_b	102	Sound	10	1969878	148	1			0		other	0
10106001_II_b	102	Response	1	1973958	4228	1
10106001_II_b	103	Sound	11	1989176	108	1			0		other	0
10106001_II_b	103	Response	1	1992757	3688	1
10106001_II_b	104	Sound	9	2009875	134	1			0		other	0
10106001_II_b	104	Response	1	2012675	2934	1
10106001_II_b	105	Sound	8	2024274	195	1			0		other	0
10106001_II_b	105	Response	1	2027314	3235	1
10106001_II_b	106	Sound	8	2036373	124	1			0		other	0
10106001_II_b	106	Response	1	2038833	2584	1
10106001_II_b	107	Sound	5	2052072	152	1			0		other	0
10106001_II_b	107	Response	1	2054992	3072	1
10106001_II_b	107	Response	1	2071151	19231	1
10106001_II_b	108	Sound	10	2071371	112	1			0		other	0
10106001_II_b	109	Sound	11	2089069	139	1			0		other	0
10106001_II_b	109	Response	1	2090829	1899	1
10106001_II_b	110	Sound	6	2107568	132	1			0		other	0
10106001_II_b	110	Response	1	2111148	3712	1
10106001_II_b	111	Sound	10	2125367	93	1			0		other	0
10106001_II_b	111	Response	1	2129706	4432	1
10106001_II_b	112	Sound	11	2140566	121	1			0		other	0
10106001_II_b	112	Response	1	2142426	1980	1
10106001_II_b	113	Sound	6	2159464	181	1			0		other	0
10106001_II_b	113	Response	1	2160984	1700	1
10106001_II_b	115	Response	252	3472888	1300434	1
10106001_II_b	117	Sound	7	3488771	107	1			0		other	0
10106001_II_b	117	Response	1	3491047	2383	1
10106001_II_b	118	Sound	13	3504270	102	1			0		other	0
10106001_II_b	118	Response	1	3505926	1757	1
10106001_II_b	119	Sound	12	3523269	95	1			0		other	0
10106001_II_b	119	Response	1	3524884	1710	1
10106001_II_b	120	Sound	12	3542367	188	1			0		other	0
10106001_II_b	120	Response	1	3543923	1744	1
10106001_II_b	121	Sound	9	3564966	113	1			0		other	0
10106001_II_b	121	Response	1	3565761	909	1
10106001_II_b	122	Sound	11	3581165	141	1			0		other	0
10106001_II_b	122	Response	1	3582560	1536	1
10106001_II_b	123	Sound	6	3597463	102	1			0		other	0
10106001_II_b	123	Response	1	3599199	1837	1
10106001_II_b	124	Sound	7	3616662	128	1			0		other	0
10106001_II_b	124	Response	1	3617917	1383	1
10106001_II_b	125	Sound	7	3629861	157	1			0		other	0
10106001_II_b	125	Response	1	3631676	1972	1
10106001_II_b	126	Sound	10	3641860	152	1			0		other	0
10106001_II_b	126	Response	1	3644395	2688	1
10106001_II_b	127	Sound	11	3660059	179	1			0		other	0
10106001_II_b	127	Response	1	3661674	1794	1
10106001_II_b	128	Sound	12	3679858	139	1			0		other	0
10106001_II_b	128	Response	1	3681273	1554	1
10106001_II_b	129	Sound	12	3699356	132	1			0		other	0
10106001_II_b	129	Response	1	3700951	1727	1
10106001_II_b	130	Sound	12	3718355	125	1			0		other	0
10106001_II_b	130	Response	1	3720150	1920	1
10106001_II_b	130	Response	1	3736789	18559	1
10106001_II_b	131	Sound	6	3742053	150	1			0		other	0
10106001_II_b	132	Sound	10	3761752	176	1			0		other	0
10106001_II_b	132	Response	1	3763667	2091	1
10106001_II_b	133	Sound	11	3774051	139	1			0		other	0
10106001_II_b	133	Response	1	3776546	2633	1
10106001_II_b	134	Sound	12	3787350	101	1			0		other	0
10106001_II_b	134	Response	1	3789185	1935	1
10106001_II_b	135	Sound	6	3804849	94	1			0		other	0
10106001_II_b	135	Response	1	3806704	1949	1
10106001_II_b	136	Sound	10	3827547	120	1			0		other	0
10106001_II_b	136	Response	1	3828942	1514	1
10106001_II_b	137	Sound	5	3841546	115	1			0		other	0
10106001_II_b	137	Response	1	3844061	2629	1
10106001_II_b	138	Sound	7	3860445	175	1			0		other	0
10106001_II_b	138	Response	1	3862379	2109	1
10106001_II_b	139	Sound	13	3878044	102	1			0		other	0
10106001_II_b	139	Response	1	3879818	1876	1
10106001_II_b	140	Sound	9	3895442	162	1			0		other	0
10106001_II_b	140	Response	1	3897737	2457	1
10106001_II_b	141	Sound	8	3907142	191	1			0		other	0
10106001_II_b	141	Response	1	3909976	3026	1
10106001_II_b	142	Sound	11	3920941	153	1			0		other	0
10106001_II_b	142	Response	1	3922855	2067	1
10106001_II_b	143	Sound	9	3944239	288	1			0		other	0
10106001_II_b	143	Response	1	3944933	983	1
10106001_II_b	144	Sound	5	3965937	137	1			0		other	0
10106001_II_b	144	Response	1	3966132	331	1
10106001_II_b	145	Sound	13	3977237	100	1			0		other	0
10106001_II_b	145	Response	1	3981411	4274	1
10106001_II_b	146	Sound	9	3994336	194	1			0		other	0
10106001_II_b	146	Response	1	3996690	2548	1
10106001_II_b	147	Sound	8	4011334	188	1			0		other	0
10106001_II_b	147	Response	1	4013568	2421	1
10106001_II_b	148	Sound	11	4026433	115	1			0		other	0
10106001_II_b	148	Response	1	4027967	1650	1
10106001_II_b	149	Sound	12	4040632	144	1			0		other	0
10106001_II_b	149	Response	1	4043886	3398	1
10106001_II_b	150	Sound	12	4061331	170	1			0		other	0
10106001_II_b	150	Response	1	4062925	1764	1
10106001_II_b	151	Sound	6	4080130	130	1			0		other	0
10106001_II_b	151	Response	1	4081723	1724	1
10106001_II_b	152	Sound	13	4104328	154	1			0		other	0
10106001_II_b	152	Response	1	4106122	1948	1
10106001_II_b	153	Sound	12	4125326	147	1			0		other	0
10106001_II_b	153	Response	1	4126680	1501	1
10106001_II_b	154	Sound	9	4141125	108	1			0		other	0
10106001_II_b	154	Response	1	4143959	2942	1
10106001_II_b	155	Sound	5	4161124	101	1			0		other	0
10106001_II_b	155	Response	1	4162757	1734	1
10106001_II_b	156	Sound	7	4176023	162	1			0		other	0
10106001_II_b	156	Response	1	4179156	3296	1
10106001_II_b	157	Sound	7	4194821	122	1			0		other	0
10106001_II_b	157	Response	1	4196595	1896	1
10106001_II_b	158	Sound	7	4209020	150	1			0		other	0
10106001_II_b	158	Response	1	4210994	2124	1
10106001_II_b	159	Sound	10	4222519	146	1			0		other	0
10106001_II_b	159	Response	1	4225633	3259	1
10106001_II_b	160	Sound	11	4245218	171	1			0		other	0
10106001_II_b	160	Response	1	4246591	1544	1
10106001_II_b	161	Sound	9	4267716	163	1			0		other	0
10106001_II_b	161	Response	1	4269790	2236	1
10106001_II_b	162	Sound	8	4280715	158	1			0		other	0
10106001_II_b	162	Response	1	4283549	2991	1
10106001_II_b	163	Sound	8	4305214	150	1			0		other	0
10106001_II_b	163	Response	1	4307147	2083	1
10106001_II_b	164	Sound	5	4328912	174	1			0		other	0
10106001_II_b	164	Response	1	4330505	1768	1
10106001_II_b	165	Sound	10	4343011	103	1			0		other	0
10106001_II_b	165	Response	1	4345784	2876	1
10106001_II_b	166	Sound	11	4354510	99	1			0		other	0
10106001_II_b	166	Response	1	4356903	2492	1
10106001_II_b	167	Sound	6	4371709	126	1			0		other	0
10106001_II_b	167	Response	1	4373542	1959	1
10106001_II_b	168	Sound	10	4387908	153	1			0		other	0
10106001_II_b	168	Response	1	4390341	2586	1
10106001_II_b	169	Sound	11	4405707	114	1			0		other	0
10106001_II_b	169	Response	1	4407140	1547	1
10106001_II_b	170	Sound	6	4425905	140	1			0		other	0
10106001_II_b	170	Response	1	4427458	1693	1
10106001_II_b	172	Quit		58349907	53902468	NA
