Scenario - 
Logfile written - 08/15/2017 16:45:36

Subject	Trial	Event Type	Code	Time	TTime	Uncertainty	Duration	Uncertainty	ReqTime	ReqDur	Stim Type	Pair Index

10106001_II_a	1	Response	252	40721	40388	1
10106001_II_a	3	Sound	3	56612	96	1			0		other	0
10106001_II_a	3	Response	1	60159	3643	1
10106001_II_a	4	Sound	3	81110	87	1			0		other	0
10106001_II_a	4	Response	1	83518	2495	1
10106001_II_a	5	Sound	3	98809	114	1			0		other	0
10106001_II_a	5	Response	1	101436	2742	1
10106001_II_a	6	Sound	3	111808	110	1			0		other	0
10106001_II_a	6	Response	1	114555	2857	1
10106001_II_a	7	Sound	3	136006	134	1			0		other	0
10106001_II_a	7	Response	1	137674	1802	1
10106001_II_a	8	Sound	3	153505	128	1			0		other	0
10106001_II_a	8	Response	1	155432	2055	1
10106001_II_a	9	Sound	3	173904	188	1			0		other	0
10106001_II_a	9	Response	1	175911	2195	1
10106001_II_a	10	Sound	3	190503	115	1			0		other	0
10106001_II_a	10	Response	1	192550	2162	1
10106001_II_a	11	Sound	3	212201	141	1			0		other	0
10106001_II_a	11	Response	1	214148	2088	1
10106001_II_a	12	Sound	3	236499	99	1			0		other	0
10106001_II_a	12	Response	1	238386	1986	1
10106001_II_a	13	Sound	3	253598	193	1			0		other	0
10106001_II_a	13	Response	1	255665	2260	1
10106001_II_a	14	Sound	3	271897	153	1			0		other	0
10106001_II_a	14	Response	1	273984	2240	1
10106001_II_a	15	Sound	3	285696	115	1			0		other	0
10106001_II_a	15	Response	1	289103	3521	1
10106001_II_a	16	Sound	3	302095	175	1			0		other	0
10106001_II_a	16	Response	1	304382	2462	1
10106001_II_a	17	Sound	3	324393	134	1			0		other	0
10106001_II_a	17	Response	1	326620	2361	1
10106001_II_a	18	Sound	3	348192	92	1			0		other	0
10106001_II_a	18	Response	1	350058	1959	1
10106001_II_a	19	Sound	3	366590	152	1			0		other	0
10106001_II_a	19	Response	1	368377	1939	1
10106001_II_a	20	Sound	3	387289	178	1			0		other	0
10106001_II_a	20	Response	1	387415	305	1
10106001_II_a	21	Sound	3	398288	175	1			0		other	0
10106001_II_a	21	Response	1	401334	3221	1
10106001_II_a	22	Sound	3	423086	132	1			0		other	0
10106001_II_a	22	Response	1	424933	1979	1
10106001_II_a	23	Sound	3	439785	160	1			0		other	0
10106001_II_a	23	Response	1	441732	2106	1
10106001_II_a	24	Sound	3	462484	185	1			0		other	0
10106001_II_a	24	Response	1	464450	2151	1
10106001_II_a	24	Response	1	478209	15910	1
10106001_II_a	25	Sound	3	486782	143	1			0		other	0
10106001_II_a	25	Response	1	489408	2769	1
10106001_II_a	26	Sound	3	500981	171	1			0		other	0
10106001_II_a	26	Response	1	503567	2757	2
10106001_II_a	27	Sound	3	516580	99	1			0		other	0
10106001_II_a	27	Response	1	518686	2205	1
10106001_II_a	28	Sound	3	535778	126	1			0		other	0
10106001_II_a	28	Response	1	537884	2232	1
10106001_II_a	29	Sound	3	550277	120	1			0		other	0
10106001_II_a	29	Response	1	552523	2366	1
10106001_II_a	30	Sound	3	562977	149	1			0		other	0
10106001_II_a	30	Response	1	565402	2575	1
10106001_II_a	31	Sound	3	585475	141	1			0		other	0
10106001_II_a	31	Response	1	587241	1907	1
10106001_II_a	32	Sound	3	604474	134	1			0		other	0
10106001_II_a	32	Response	1	607160	2820	1
10106001_II_a	33	Sound	3	618473	129	1			0		other	0
10106001_II_a	33	Response	1	621078	2735	1
10106001_II_a	34	Sound	3	636271	90	1			0		other	0
10106001_II_a	34	Response	1	638997	2815	1
10106001_II_a	35	Sound	3	653870	184	1			0		other	0
10106001_II_a	35	Response	1	655876	2189	1
10106001_II_a	36	Sound	3	672469	110	1			0		other	0
10106001_II_a	36	Response	1	674834	2476	1
10106001_II_a	37	Sound	3	696167	135	1			0		other	0
10106001_II_a	37	Response	1	698433	2401	1
10106001_II_a	38	Sound	3	711966	96	1			0		other	0
10106001_II_a	38	Response	1	714352	2482	1
10106001_II_a	39	Sound	3	729865	156	1			0		other	0
10106001_II_a	39	Response	1	732270	2562	1
10106001_II_a	40	Sound	3	741964	86	1			0		other	0
10106001_II_a	40	Response	1	746909	5031	1
10106001_II_a	40	Response	1	764188	22309	1
10106001_II_a	41	Sound	3	766162	110	1			0		other	0
10106001_II_a	42	Sound	3	777561	173	1			0		other	0
10106001_II_a	42	Response	1	780587	3198	1
10106001_II_a	43	Sound	3	799860	132	1			0		other	0
10106001_II_a	43	Response	1	801545	1817	1
10106001_II_a	44	Sound	3	816259	193	1			0		other	0
10106001_II_a	44	Response	1	818584	2518	1
10106001_II_a	44	Response	1	838263	22196	1
10106001_II_a	45	Sound	3	838857	118	1			0		other	0
10106001_II_a	46	Sound	3	861056	143	1			0		other	0
10106001_II_a	46	Response	1	863141	2228	1
10106001_II_a	47	Sound	3	875055	138	1			0		other	0
10106001_II_a	47	Response	1	878180	3263	1
10106001_II_a	48	Sound	3	889354	100	1			0		other	0
10106001_II_a	48	Response	1	891539	2285	1
10106001_II_a	49	Sound	3	900353	96	1			0		other	0
10106001_II_a	49	Response	1	903298	3041	1
10106001_II_a	50	Sound	3	922951	188	1			0		other	0
10106001_II_a	50	Response	1	924976	2212	1
10106001_II_a	51	Sound	3	943750	147	1			0		other	0
10106001_II_a	51	Response	1	946175	2572	1
10106001_II_a	52	Sound	3	961249	141	1			0		other	0
10106001_II_a	52	Response	1	963373	2265	1
10106001_II_a	53	Sound	3	977447	168	1			0		other	0
10106001_II_a	53	Response	1	979132	1853	1
10106001_II_a	54	Sound	3	1000946	160	1			0		other	0
10106001_II_a	54	Response	1	1002970	2184	1
10106001_II_a	55	Sound	3	1013545	89	1			0		other	0
10106001_II_a	55	Response	1	1015850	2393	1
10106001_II_a	56	Sound	3	1025644	185	1			0		other	0
10106001_II_a	56	Response	1	1028488	3029	1
10106001_II_a	58	Response	252	1692120	646488	1
10106001_II_a	60	Sound	3	1707996	175	1			0		other	0
10106001_II_a	60	Response	1	1711558	3737	1
10106001_II_a	61	Sound	13	1721295	137	1			0		other	0
10106001_II_a	61	Response	1	1723318	2159	1
10106001_II_a	62	Sound	12	1738494	164	1			0		other	0
10106001_II_a	62	Response	1	1740356	2026	1
10106001_II_a	63	Sound	12	1750993	160	1			0		other	0
10106001_II_a	63	Response	1	1753075	2242	1
10106001_II_a	64	Sound	9	1768692	187	1			0		other	0
10106001_II_a	64	Response	1	1770994	2489	1
10106001_II_a	65	Sound	11	1786691	180	1			0		other	0
10106001_II_a	65	Response	1	1788673	2162	1
10106001_II_a	66	Sound	6	1801290	108	1			0		other	0
10106001_II_a	66	Response	1	1802832	1650	1
10106001_II_a	67	Sound	7	1822688	167	1			0		other	0
10106001_II_a	67	Response	1	1824670	2149	1
10106001_II_a	68	Sound	7	1835487	130	1			0		other	0
10106001_II_a	68	Response	1	1837389	2031	1
10106001_II_a	69	Sound	10	1859786	88	1			0		other	0
10106001_II_a	69	Response	1	1861867	2169	1
10106001_II_a	69	Response	1	1876906	17208	1
10106001_II_a	70	Sound	11	1880384	180	1			0		other	0
10106001_II_a	71	Sound	12	1896383	175	1			0		other	0
10106001_II_a	71	Response	1	1898105	1896	1
10106001_II_a	72	Sound	12	1909682	136	1			0		other	0
10106001_II_a	72	Response	1	1911624	2078	1
10106001_II_a	73	Sound	12	1928981	96	1			0		other	0
10106001_II_a	73	Response	1	1930902	2018	1
10106001_II_a	74	Sound	6	1951879	155	1			0		other	0
10106001_II_a	74	Response	1	1952901	1176	1
10106001_II_a	75	Sound	10	1962878	151	1			0		other	0
10106001_II_a	75	Response	1	1966020	3292	1
10106001_II_a	76	Sound	11	1986077	176	1			0		other	0
10106001_II_a	76	Response	1	1987858	1957	1
10106001_II_a	77	Sound	12	2004575	169	1			0		other	0
10106001_II_a	77	Response	1	2006257	1851	1
10106001_II_a	78	Sound	6	2026874	128	1			0		other	0
10106001_II_a	78	Response	1	2028495	1749	1
10106001_II_a	79	Sound	10	2040573	157	1			0		other	0
10106001_II_a	79	Response	1	2042894	2478	1
10106001_II_a	80	Sound	5	2063071	148	1			0		other	0
10106001_II_a	80	Response	1	2064973	2050	1
10106001_II_a	81	Sound	7	2078370	110	1			0		other	0
10106001_II_a	81	Response	1	2080491	2231	1
10106001_II_a	82	Sound	13	2098069	136	1			0		other	0
10106001_II_a	82	Response	1	2101930	3997	1
10106001_II_a	83	Sound	9	2117767	162	1			0		other	0
10106001_II_a	83	Response	1	2120008	2403	1
10106001_II_a	83	Response	1	2139927	22322	1
10106001_II_a	84	Sound	8	2141866	87	1			0		other	0
10106001_II_a	85	Sound	11	2154565	116	1			0		other	0
10106001_II_a	85	Response	1	2156486	2037	1
10106001_II_a	86	Sound	9	2166764	145	1			0		other	0
10106001_II_a	86	Response	1	2168965	2346	1
10106001_II_a	87	Sound	5	2180263	140	1			0		other	0
10106001_II_a	87	Response	1	2182324	2201	1
10106001_II_a	88	Sound	13	2196562	101	1			0		other	0
10106001_II_a	88	Response	1	2198243	1782	1
10106001_II_a	89	Sound	9	2213461	162	1			0		other	0
10106001_II_a	89	Response	1	2215681	2382	1
10106001_II_a	90	Sound	8	2225460	157	1			0		other	0
10106001_II_a	90	Response	1	2227521	2218	1
10106001_II_a	91	Sound	11	2242759	118	1			0		other	0
10106001_II_a	91	Response	1	2244319	1679	1
10106001_II_a	92	Sound	12	2263757	110	1			0		other	0
10106001_II_a	92	Response	1	2265278	1631	1
10106001_II_a	93	Sound	12	2279456	138	1			0		other	0
10106001_II_a	93	Response	1	2281277	1959	1
10106001_II_a	94	Sound	6	2291255	101	1			0		other	0
10106001_II_a	94	Response	1	2293276	2121	1
10106001_II_a	95	Sound	13	2302955	130	1			0		other	0
10106001_II_a	95	Response	1	2304795	1970	1
10106001_II_a	96	Sound	12	2326253	88	1			0		other	0
10106001_II_a	96	Response	1	2327993	1828	1
10106001_II_a	97	Sound	9	2338352	184	1			0		other	0
10106001_II_a	97	Response	1	2341992	3824	1
10106001_II_a	98	Sound	5	2349351	180	1			0		other	0
10106001_II_a	98	Response	1	2351351	2180	1
10106001_II_a	99	Sound	7	2362350	175	1			0		other	0
10106001_II_a	99	Response	1	2363991	1816	1
10106001_II_a	100	Sound	7	2381949	102	1			0		other	0
10106001_II_a	100	Response	1	2384309	2462	1
10106001_II_a	101	Sound	7	2405147	127	1			0		other	0
10106001_II_a	101	Response	1	2407508	2487	1
10106001_II_a	102	Sound	10	2420046	188	1			0		other	0
10106001_II_a	102	Response	1	2422786	2928	1
10106001_II_a	103	Sound	11	2439845	148	1			0		other	0
10106001_II_a	103	Response	1	2441585	1888	1
10106001_II_a	103	Response	1	2461263	21566	1
10106001_II_a	104	Sound	9	2462543	173	1			0		other	0
10106001_II_a	105	Sound	8	2477142	101	1			0		other	0
10106001_II_a	105	Response	1	2479822	2781	1
10106001_II_a	106	Sound	8	2494041	162	1			0		other	0
10106001_II_a	106	Response	1	2495981	2102	1
10106001_II_a	107	Sound	5	2513040	155	1			0		other	0
10106001_II_a	107	Response	1	2514780	1895	1
10106001_II_a	107	Response	1	2532858	19973	1
10106001_II_a	108	Sound	10	2535138	81	1			0		other	0
10106001_II_a	109	Sound	11	2557237	173	1			0		other	0
10106001_II_a	109	Response	1	2558856	1792	1
10106001_II_a	110	Sound	6	2578335	99	1			0		other	0
10106001_II_a	110	Response	1	2580055	1818	1
10106001_II_a	111	Sound	10	2597034	125	1			0		other	0
10106001_II_a	111	Response	1	2599493	2585	1
10106001_II_a	112	Sound	11	2619732	150	1			0		other	0
10106001_II_a	112	Response	1	2621572	1990	1
10106001_II_a	113	Sound	6	2635231	145	1			0		other	0
10106001_II_a	113	Response	1	2638370	3284	1
10106001_II_a	115	Response	252	2904911	250986	1
10106001_II_a	117	Sound	7	2920811	143	1			0		other	0
10106001_II_a	117	Response	1	2923470	2802	1
10106001_II_a	118	Sound	13	2938010	170	1			0		other	0
10106001_II_a	118	Response	1	2940028	2189	1
10106001_II_a	119	Sound	12	2952609	98	1			0		other	0
10106001_II_a	119	Response	1	2954427	1917	1
10106001_II_a	120	Sound	12	2972507	158	1			0		other	0
10106001_II_a	120	Response	1	2973866	1516	1
10106001_II_a	121	Sound	9	2986507	153	1			0		other	0
10106001_II_a	121	Response	1	2989385	3031	1
10106001_II_a	122	Sound	11	2998506	149	1			0		other	0
10106001_II_a	122	Response	1	3001224	2867	1
10106001_II_a	123	Sound	6	3018704	175	1			0		other	0
10106001_II_a	123	Response	1	3020182	1653	1
10106001_II_a	124	Sound	7	3032803	103	1			0		other	0
10106001_II_a	124	Response	1	3035301	2601	1
10106001_II_a	125	Sound	7	3056202	162	1			0		other	0
10106001_II_a	125	Response	1	3057540	1500	1
10106001_II_a	126	Sound	10	3080800	86	1			0		other	0
10106001_II_a	126	Response	1	3084418	3704	1
10106001_II_a	127	Sound	11	3105398	177	1			0		other	0
10106001_II_a	127	Response	1	3106096	875	1
10106001_II_a	128	Sound	12	3127197	136	1			0		other	0
10106001_II_a	128	Response	1	3128815	1754	1
10106001_II_a	129	Sound	12	3150695	128	1			0		other	0
10106001_II_a	129	Response	1	3152573	2006	1
10106001_II_a	130	Sound	12	3175193	119	1			0		other	0
10106001_II_a	130	Response	1	3176651	1577	1
10106001_II_a	131	Sound	6	3191592	180	1			0		other	0
10106001_II_a	131	Response	1	3193689	2277	1
10106001_II_a	132	Sound	10	3202591	176	1			0		other	0
10106001_II_a	132	Response	1	3206569	4154	1
10106001_II_a	133	Sound	11	3220090	170	1			0		other	0
10106001_II_a	133	Response	1	3221848	1928	1
10106001_II_a	134	Sound	12	3232689	99	1			0		other	0
10106001_II_a	134	Response	1	3234727	2136	1
10106001_II_a	135	Sound	6	3253888	125	1			0		other	0
10106001_II_a	135	Response	1	3256165	2402	1
10106001_II_a	136	Sound	10	3272086	151	1			0		other	0
10106001_II_a	136	Response	1	3273844	1909	1
10106001_II_a	137	Sound	5	3289785	178	1			0		other	0
10106001_II_a	137	Response	1	3291283	1676	1
10106001_II_a	138	Sound	7	3302084	141	1			0		other	0
10106001_II_a	138	Response	1	3304162	2218	1
10106001_II_a	139	Sound	13	3320783	167	1			0		other	0
10106001_II_a	139	Response	1	3322560	1945	1
10106001_II_a	140	Sound	9	3334582	129	1			0		other	0
10106001_II_a	140	Response	1	3338079	3626	1
10106001_II_a	141	Sound	8	3352481	189	1			0		other	0
10106001_II_a	141	Response	1	3354878	2587	1
10106001_II_a	142	Sound	11	3363880	85	1			0		other	0
10106001_II_a	142	Response	1	3366237	2442	1
10106001_II_a	143	Sound	9	3384279	145	1			0		other	0
10106001_II_a	143	Response	1	3386556	2422	1
10106001_II_a	144	Sound	5	3405977	170	1			0		other	0
10106001_II_a	144	Response	1	3407514	1707	1
10106001_II_a	145	Sound	13	3418276	133	1			0		other	0
10106001_II_a	145	Response	1	3421273	3130	1
10106001_II_a	146	Sound	9	3433075	94	1			0		other	0
10106001_II_a	146	Response	1	3434792	1811	1
10106001_II_a	147	Sound	8	3446974	156	1			0		other	0
10106001_II_a	147	Response	1	3449911	3093	1
10106001_II_a	148	Sound	11	3466773	115	1			0		other	0
10106001_II_a	148	Response	1	3468630	1972	1
10106001_II_a	149	Sound	12	3488671	174	1			0		other	0
10106001_II_a	149	Response	1	3490308	1811	1
10106001_II_a	150	Sound	12	3500470	137	1			0		other	0
10106001_II_a	150	Response	1	3502547	2213	1
10106001_II_a	151	Sound	6	3515169	165	1			0		other	0
10106001_II_a	151	Response	1	3517186	2182	1
10106001_II_a	152	Sound	13	3539168	156	1			0		other	0
10106001_II_a	152	Response	1	3541424	2413	1
10106001_II_a	152	Response	1	3560863	21851	1
10106001_II_a	153	Sound	12	3563866	181	1			0		other	0
10106001_II_a	154	Sound	9	3582665	141	1			0		other	0
10106001_II_a	154	Response	1	3584861	2337	1
10106001_II_a	155	Sound	5	3595164	136	1			0		other	0
10106001_II_a	155	Response	1	3597100	2072	1
10106001_II_a	156	Sound	7	3608963	98	1			0		other	0
10106001_II_a	156	Response	1	3611339	2474	1
10106001_II_a	157	Sound	7	3633061	190	1			0		other	0
10106001_II_a	157	Response	1	3634697	1826	1
10106001_II_a	158	Sound	7	3644360	152	1			0		other	0
10106001_II_a	158	Response	1	3646457	2248	1
10106001_II_a	159	Sound	10	3659059	180	1			0		other	0
10106001_II_a	159	Response	1	3660856	1977	1
10106001_II_a	160	Sound	11	3673558	175	1			0		other	0
10106001_II_a	160	Response	1	3675334	1951	1
10106001_II_a	161	Sound	9	3688857	136	1			0		other	0
10106001_II_a	161	Response	1	3691493	2772	1
10106001_II_a	162	Sound	8	3700656	99	1			0		other	0
10106001_II_a	162	Response	1	3704132	3575	1
10106001_II_a	163	Sound	8	3716655	93	1			0		other	0
10106001_II_a	163	Response	1	3720291	3729	1
10106001_II_a	164	Sound	5	3727554	156	1			0		other	0
10106001_II_a	164	Response	1	3729490	2092	1
10106001_II_a	165	Sound	10	3749253	181	1			0		other	0
10106001_II_a	165	Response	1	3751729	2657	1
10106001_II_a	166	Sound	11	3771051	141	1			0		other	0
10106001_II_a	166	Response	1	3772927	2016	1
10106001_II_a	167	Sound	6	3787850	101	1			0		other	0
10106001_II_a	167	Response	1	3789806	2057	1
10106001_II_a	168	Sound	10	3800949	196	1			0		other	0
10106001_II_a	168	Response	1	3804605	3852	1
10106001_II_a	169	Sound	11	3816948	191	1			0		other	0
10106001_II_a	169	Response	1	3818604	1847	1
10106001_II_a	170	Sound	6	3830847	86	1			0		other	0
10106001_II_a	170	Response	1	3832603	1842	1
10106001_II_a	172	Response	252	4465836	614736	1
10106001_II_a	174	Sound	7	4481701	87	1			0		other	0
10106001_II_a	174	Response	1	4483275	1661	1
10106001_II_a	175	Sound	13	4506300	179	1			0		other	0
10106001_II_a	175	Response	1	4507993	1872	1
10106001_II_a	176	Sound	12	4519899	107	1			0		other	0
10106001_II_a	176	Response	1	4521752	1961	1
10106001_II_a	177	Sound	12	4542597	132	1			0		other	0
10106001_II_a	177	Response	1	4544071	1606	1
10106001_II_a	178	Sound	9	4565496	191	1			0		other	0
10106001_II_a	178	Response	1	4568069	2764	1
10106001_II_a	179	Sound	11	4585094	117	1			0		other	0
10106001_II_a	179	Response	1	4586228	1251	1
10106001_II_a	180	Sound	6	4598793	146	1			0		other	0
10106001_II_a	180	Response	1	4600867	2219	1
10106001_II_a	181	Sound	7	4609792	142	1			0		other	0
10106001_II_a	181	Response	1	4611986	2335	1
10106001_II_a	182	Sound	7	4622792	137	1			0		other	0
10106001_II_a	182	Response	1	4624625	1970	1
10106001_II_a	183	Sound	10	4636491	166	1			0		other	0
10106001_II_a	183	Response	1	4638624	2299	1
10106001_II_a	184	Sound	11	4651090	94	1			0		other	0
10106001_II_a	184	Response	1	4652623	1627	1
10106001_II_a	185	Sound	12	4662689	190	1			0		other	0
10106001_II_a	185	Response	1	4664622	2123	1
10106001_II_a	186	Sound	12	4678788	117	1			0		other	0
10106001_II_a	186	Response	1	4680381	1710	1
10106001_II_a	186	Response	1	4694780	16109	1
10106001_II_a	187	Sound	12	4700286	109	1			0		other	0
10106001_II_a	188	Sound	6	4716985	137	1			0		other	0
10106001_II_a	188	Response	1	4718538	1690	1
10106001_II_a	189	Sound	10	4729484	132	1			0		other	0
10106001_II_a	189	Response	1	4731897	2545	1
10106001_II_a	190	Sound	11	4747983	126	1			0		other	0
10106001_II_a	190	Response	1	4749336	1479	1
10106001_II_a	190	Response	1	4765575	17718	1
10106001_II_a	191	Sound	12	4767881	185	1			0		other	0
10106001_II_a	192	Sound	6	4782980	113	1			0		other	0
10106001_II_a	192	Response	1	4785013	2146	1
10106001_II_a	192	Response	1	4801812	18945	1
10106001_II_a	193	Sound	10	4803679	139	1			0		other	0
10106001_II_a	194	Sound	5	4818478	101	1			0		other	0
10106001_II_a	194	Response	1	4820370	1993	1
10106001_II_a	195	Sound	7	4831877	163	1			0		other	0
10106001_II_a	195	Response	1	4833650	1935	1
10106001_II_a	196	Sound	13	4848676	123	1			0		other	0
10106001_II_a	196	Response	1	4850688	2136	1
10106001_II_a	197	Sound	9	4864075	185	1			0		other	0
10106001_II_a	197	Response	1	4867087	3197	1
10106001_II_a	198	Sound	8	4887173	110	1			0		other	0
10106001_II_a	198	Response	1	4889165	2102	1
10106001_II_a	199	Sound	11	4902872	137	1			0		other	0
10106001_II_a	199	Response	1	4904684	1950	1
10106001_II_a	200	Sound	9	4917571	165	1			0		other	0
10106001_II_a	200	Response	1	4920203	2798	1
10106001_II_a	201	Sound	5	4934170	93	1			0		other	0
10106001_II_a	201	Response	1	4936122	2045	1
10106001_II_a	202	Sound	13	4948669	88	1			0		other	0
10106001_II_a	202	Response	1	4950761	2180	1
10106001_II_a	203	Sound	9	4961368	117	1			0		other	0
10106001_II_a	203	Response	1	4965400	4149	1
10106001_II_a	203	Response	1	4977639	16388	1
10106001_II_a	204	Sound	8	4981866	109	1			0		other	0
10106001_II_a	204	Response	1	5002997	21240	1
10106001_II_a	205	Sound	11	5006065	134	1			0		other	0
10106001_II_a	206	Sound	12	5020764	162	1			0		other	0
10106001_II_a	206	Response	1	5022196	1594	1
10106001_II_a	207	Sound	12	5037862	89	1			0		other	0
10106001_II_a	207	Response	1	5039714	1941	1
10106001_II_a	208	Sound	6	5055561	116	1			0		other	0
10106001_II_a	208	Response	1	5057153	1708	1
10106001_II_a	209	Sound	13	5074960	176	1			0		other	0
10106001_II_a	209	Response	1	5076592	1808	1
10106001_II_a	210	Sound	12	5093758	136	1			0		other	0
10106001_II_a	210	Response	1	5097150	3528	1
10106001_II_a	211	Sound	9	5109257	131	1			0		other	0
10106001_II_a	211	Response	1	5112189	3062	1
10106001_II_a	212	Sound	5	5131456	156	1			0		other	0
10106001_II_a	212	Response	1	5133388	2088	1
10106001_II_a	213	Sound	7	5153154	182	1			0		other	0
10106001_II_a	213	Response	1	5155226	2253	1
10106001_II_a	214	Sound	7	5168653	176	1			0		other	0
10106001_II_a	214	Response	1	5170985	2508	1
10106001_II_a	215	Sound	7	5193451	134	1			0		other	0
10106001_II_a	215	Response	1	5195863	2545	1
10106001_II_a	216	Sound	10	5208950	128	1			0		other	0
10106001_II_a	216	Response	1	5212422	3600	1
10106001_II_a	217	Sound	11	5223649	156	1			0		other	0
10106001_II_a	217	Response	1	5225781	2288	1
10106001_II_a	218	Sound	9	5244148	149	1			0		other	0
10106001_II_a	218	Response	1	5246499	2501	1
10106001_II_a	219	Sound	8	5263447	109	1			0		other	0
10106001_II_a	219	Response	1	5265938	2600	1
10106001_II_a	220	Sound	8	5280145	136	1			0		other	0
10106001_II_a	220	Response	1	5282817	2808	1
10106001_II_a	221	Sound	5	5292944	98	1			0		other	0
10106001_II_a	221	Response	1	5296976	4130	1
10106001_II_a	222	Sound	10	5311943	92	1			0		other	0
10106001_II_a	222	Response	1	5314654	2803	1
10106001_II_a	223	Sound	11	5329542	185	1			0		other	0
10106001_II_a	223	Response	1	5331293	1937	1
10106001_II_a	224	Sound	6	5352840	144	1			0		other	0
10106001_II_a	224	Response	1	5354652	1955	1
10106001_II_a	225	Sound	10	5367339	139	1			0		other	0
10106001_II_a	225	Response	1	5370810	3610	1
10106001_II_a	226	Sound	11	5383838	133	1			0		other	0
10106001_II_a	226	Response	1	5385689	1984	1
10106001_II_a	227	Sound	6	5400337	127	1			0		other	0
10106001_II_a	227	Response	1	5402488	2278	1
10106001_II_a	229	Response	252	5631431	208214	1
10106001_II_a	231	Sound	7	5647419	139	1			0		other	0
10106001_II_a	231	Response	1	5649350	2069	1
10106001_II_a	232	Sound	13	5671118	164	1			0		other	0
10106001_II_a	232	Response	1	5672468	1514	1
10106001_II_a	233	Sound	12	5687617	158	1			0		other	0
10106001_II_a	233	Response	1	5689107	1648	1
10106001_II_a	234	Sound	12	5710915	116	1			0		other	0
10106001_II_a	234	Response	1	5712705	1906	1
10106001_II_a	235	Sound	9	5725114	145	1			0		other	0
10106001_II_a	235	Response	1	5727104	2134	1
10106001_II_a	236	Sound	11	5739913	106	1			0		other	0
10106001_II_a	236	Response	1	5741503	1696	1
10106001_II_a	237	Sound	6	5763511	198	1			0		other	0
10106001_II_a	237	Response	1	5765341	2027	1
10106001_II_a	238	Sound	7	5779010	192	1			0		other	0
10106001_II_a	238	Response	1	5780620	1802	1
10106001_II_a	239	Sound	7	5790909	88	1			0		other	0
10106001_II_a	239	Response	1	5793259	2437	1
10106001_II_a	240	Sound	10	5804608	116	1			0		other	0
10106001_II_a	240	Response	1	5807258	2766	1
10106001_II_a	241	Sound	11	5818108	111	1			0		other	0
10106001_II_a	241	Response	1	5820137	2141	1
10106001_II_a	242	Sound	12	5833506	173	1			0		other	0
10106001_II_a	242	Response	1	5835416	2082	1
10106001_II_a	243	Sound	12	5852005	166	1			0		other	0
10106001_II_a	243	Response	1	5853975	2136	1
10106001_II_a	244	Sound	12	5875803	124	1			0		other	0
10106001_II_a	244	Response	1	5877573	1894	1
10106001_II_a	245	Sound	6	5896002	150	1			0		other	0
10106001_II_a	245	Response	1	5897492	1640	1
10106001_II_a	246	Sound	10	5913501	144	1			0		other	0
10106001_II_a	246	Response	1	5916450	3093	1
10106001_II_a	247	Sound	11	5936999	136	1			0		other	0
10106001_II_a	247	Response	1	5938529	1665	1
10106001_II_a	248	Sound	12	5952998	130	1			0		other	0
10106001_II_a	248	Response	1	5954527	1659	1
10106001_II_a	248	Response	1	5972606	19738	1
10106001_II_a	249	Sound	6	5976196	155	1			0		other	0
10106001_II_a	250	Sound	10	5998195	147	1			0		other	0
10106001_II_a	250	Response	1	6000764	2716	1
10106001_II_a	251	Sound	5	6015394	174	1			0		other	0
10106001_II_a	251	Response	1	6017403	2184	1
10106001_II_a	252	Sound	7	6030693	136	1			0		other	0
10106001_II_a	252	Response	1	6032442	1885	1
10106001_II_a	253	Sound	13	6049391	162	1			0		other	0
10106001_II_a	253	Response	1	6052360	3131	1
10106001_II_a	254	Sound	9	6063090	191	1			0		other	0
10106001_II_a	254	Response	1	6065879	2980	1
10106001_II_a	255	Sound	8	6079189	118	1			0		other	0
10106001_II_a	255	Response	1	6082278	3207	1
10106001_II_a	256	Sound	11	6098388	145	1			0		other	0
10106001_II_a	256	Response	1	6099957	1714	1
10106001_II_a	257	Sound	9	6120686	104	1			0		other	0
10106001_II_a	257	Response	1	6122915	2332	1
10106001_II_a	258	Sound	5	6136885	131	1			0		other	0
10106001_II_a	258	Response	1	6139074	2320	1
10106001_II_a	259	Sound	13	6150284	193	1			0		other	0
10106001_II_a	259	Response	1	6151953	1862	1
10106001_II_a	259	Response	1	6169872	19780	1
10106001_II_a	260	Sound	9	6173782	185	1			0		other	0
10106001_II_a	261	Sound	8	6195881	110	1			0		other	0
10106001_II_a	261	Response	1	6198029	2259	1
10106001_II_a	262	Sound	11	6218879	102	1			0		other	0
10106001_II_a	262	Response	1	6220988	2210	1
10106001_II_a	263	Sound	12	6232878	97	1			0		other	0
10106001_II_a	263	Response	1	6236507	3725	1
10106001_II_a	264	Sound	12	6250377	91	1			0		other	0
10106001_II_a	264	Response	1	6252426	2139	1
10106001_II_a	265	Sound	6	6273576	116	1			0		other	0
10106001_II_a	265	Response	1	6275144	1684	1
10106001_II_a	266	Sound	13	6285075	112	1			0		other	0
10106001_II_a	266	Response	1	6287383	2420	1
10106001_II_a	267	Sound	12	6302274	139	1			0		other	0
10106001_II_a	267	Response	1	6303782	1647	1
10106001_II_a	268	Sound	9	6320572	99	1			0		other	0
10106001_II_a	268	Response	1	6322820	2347	1
10106001_II_a	269	Sound	5	6341471	158	1			0		other	0
10106001_II_a	269	Response	1	6341539	227	1
10106001_II_a	270	Sound	7	6353770	121	1			0		other	0
10106001_II_a	270	Response	1	6355538	1889	1
10106001_II_a	271	Sound	7	6371569	81	1			0		other	0
10106001_II_a	271	Response	1	6373857	2369	1
10106001_II_a	272	Sound	7	6387668	175	1			0		other	0
10106001_II_a	272	Response	1	6390495	3003	1
10106001_II_a	273	Sound	10	6408466	134	1			0		other	0
10106001_II_a	273	Response	1	6411054	2722	1
10106001_II_a	274	Sound	11	6422165	163	1			0		other	0
10106001_II_a	274	Response	1	6423933	1931	1
10106001_II_a	274	Response	1	6443132	21129	1
10106001_II_a	275	Sound	9	6443664	155	1			0		other	0
10106001_II_a	276	Sound	8	6467362	180	1			0		other	0
10106001_II_a	276	Response	1	6470889	3708	1
10106001_II_a	277	Sound	8	6489660	139	1			0		other	0
10106001_II_a	277	Response	1	6491448	1926	1
10106001_II_a	278	Sound	5	6506459	100	1			0		other	0
10106001_II_a	278	Response	1	6508247	1887	1
10106001_II_a	279	Sound	10	6527558	192	1			0		other	0
10106001_II_a	279	Response	1	6530485	3120	1
10106001_II_a	280	Sound	11	6544157	120	1			0		other	0
10106001_II_a	280	Response	1	6545844	1807	1
10106001_II_a	281	Sound	6	6564355	145	1			0		other	0
10106001_II_a	281	Response	1	6566322	2113	1
10106001_II_a	282	Sound	10	6579554	173	1			0		other	0
10106001_II_a	282	Response	1	6582961	3581	1
10106001_II_a	283	Sound	11	6596353	134	1			0		other	0
10106001_II_a	283	Response	1	6598000	1781	1
10106001_II_a	284	Sound	6	6618651	94	1			0		other	0
10106001_II_a	284	Response	1	6620479	1921	1
10106001_II_a	286	Quit		7248994	617599	NA
