Scenario - 
Logfile written - 08/15/2017 16:25:32

Subject	Trial	Event Type	Code	Time	TTime	Uncertainty	Duration	Uncertainty	ReqTime	ReqDur	Stim Type	Pair Index

10106001_II	1	Response	252	2396463	2396130	1
10106001_II	3	Sound	3	2412347	158	1			0		other	0
10106001_II	3	Response	1	2415502	3313	1
10106001_II	4	Sound	7	2431846	151	1			0		other	0
10106001_II	4	Response	1	2433581	1886	1
10106001_II	5	Sound	7	2453844	143	1			0		other	0
10106001_II	5	Response	1	2455659	1958	1
10106001_II	6	Sound	10	2476042	168	1			0		other	0
10106001_II	6	Response	1	2479257	3383	1
10106001_II	7	Sound	8	2493641	95	1			0		other	0
10106001_II	7	Response	1	2496296	2750	1
10106001_II	8	Sound	11	2509140	90	1			0		other	0
10106001_II	8	Response	1	2511335	2285	1
10106001_II	9	Sound	12	2529039	149	1			0		other	0
10106001_II	9	Response	1	2531014	2124	1
10106001_II	10	Sound	12	2549337	109	1			0		other	0
10106001_II	10	Response	1	2550933	1704	1
10106001_II	11	Sound	6	2573036	134	1			0		other	0
10106001_II	11	Response	1	2574930	2028	1
10106001_II	12	Sound	13	2586235	162	1			0		other	0
10106001_II	12	Response	1	2588449	2377	1
10106001_II	13	Sound	12	2597234	159	1			0		other	0
10106001_II	13	Response	1	2600689	3613	1
10106001_II	14	Sound	6	2615733	152	1			0		other	0
10106001_II	14	Response	1	2617327	1747	1
10106001_II	15	Sound	10	2632032	113	1			0		other	0
10106001_II	15	Response	1	2634526	2607	1
10106001_II	16	Sound	8	2650930	173	1			0		other	0
10106001_II	16	Response	1	2653165	2407	1
10106001_II	17	Sound	5	2674429	164	1			0		other	0
10106001_II	17	Response	1	2676523	2259	1
10106001_II	18	Sound	13	2696027	90	1			0		other	0
10106001_II	18	Response	1	2697241	1304	1
10106001_II	19	Sound	6	2709426	152	1			0		other	0
10106001_II	19	Response	1	2711880	2606	1
10106001_II	20	Sound	7	2728725	112	1			0		other	0
10106001_II	20	Response	1	2729799	1186	1
10106001_II	21	Sound	13	2746223	106	1			0		other	0
10106001_II	21	Response	1	2748118	2000	1
10106001_II	22	Sound	12	2765122	165	1			0		other	0
10106001_II	22	Response	1	2766916	1960	1
10106001_II	23	Sound	6	2784921	125	1			0		other	0
10106001_II	23	Response	1	2787875	3079	1
10106001_II	24	Sound	10	2801620	152	1			0		other	0
10106001_II	24	Response	1	2804514	3047	1
10106001_II	25	Sound	8	2818118	147	1			0		other	0
10106001_II	25	Response	1	2820672	2700	1
10106001_II	26	Sound	11	2838317	173	1			0		other	0
10106001_II	26	Response	1	2839871	1727	1
10106001_II	27	Sound	9	2850816	168	1			0		other	0
10106001_II	27	Response	1	2853630	2982	1
10106001_II	27	Response	1	2869789	19141	1
10106001_II	28	Sound	5	2875314	159	1			0		other	0
10106001_II	29	Sound	10	2897113	118	1			0		other	0
10106001_II	29	Response	1	2899067	2072	1
10106001_II	30	Sound	5	2912812	146	1			0		other	0
10106001_II	30	Response	1	2915065	2400	1
10106001_II	31	Sound	7	2930810	140	1			0		other	0
10106001_II	31	Response	1	2930984	313	1
10106001_II	32	Sound	10	2952609	99	1			0		other	0
10106001_II	32	Response	1	2956742	4232	1
10106001_II	33	Sound	5	2971508	159	1			0		other	0
10106001_II	33	Response	1	2973141	1792	1
10106001_II	34	Sound	10	2995306	117	1			0		other	0
10106001_II	34	Response	1	2996979	1790	1
10106001_II	35	Sound	11	3010005	145	1			0		other	0
10106001_II	35	Response	1	3011618	1758	1
10106001_II	36	Sound	9	3029704	171	1			0		other	0
10106001_II	36	Response	1	3031937	2405	1
10106001_II	37	Sound	8	3048302	98	1			0		other	0
10106001_II	37	Response	1	3050656	2451	1
10106001_II	38	Sound	8	3072501	123	1			0		other	0
10106001_II	38	Response	1	3074254	1876	1
10106001_II	39	Sound	11	3086700	151	1			0		other	0
10106001_II	39	Response	1	3088893	2344	1
10106001_II	40	Sound	12	3110998	109	1			0		other	0
10106001_II	40	Response	1	3112971	2082	1
10106001_II	41	Sound	12	3133896	167	1			0		other	0
10106001_II	41	Response	1	3135849	2120	1
10106001_II	42	Sound	9	3154495	93	1			0		other	0
10106001_II	42	Response	1	3157048	2646	1
10106001_II	43	Sound	11	3169694	121	1			0		other	0
10106001_II	43	Response	1	3171687	2114	1
10106001_II	44	Sound	6	3185893	149	1			0		other	0
10106001_II	44	Response	1	3187685	1942	1
10106001_II	45	Sound	10	3210591	174	1			0		other	0
10106001_II	45	Response	1	3212804	2386	1
10106001_II	46	Sound	11	3225590	168	1			0		other	0
10106001_II	46	Response	1	3227443	2021	1
10106001_II	47	Sound	6	3247088	160	1			0		other	0
10106001_II	47	Response	1	3249041	2113	1
10106001_II	48	Sound	7	3263287	188	1			0		other	0
10106001_II	48	Response	1	3264960	1861	1
10106001_II	48	Response	1	3284878	21779	1
10106001_II	49	Sound	13	3286885	113	1			0		other	0
10106001_II	50	Sound	6	3307584	139	1			0		other	0
10106001_II	50	Response	1	3309357	1911	1
10106001_II	51	Sound	10	3328783	165	1			0		other	0
10106001_II	51	Response	1	3331355	2737	1
10106001_II	52	Sound	11	3349381	91	1			0		other	0
10106001_II	52	Response	1	3351273	1983	1
10106001_II	53	Sound	6	3360480	187	1			0		other	0
10106001_II	53	Response	1	3363673	3379	1
10106001_II	54	Sound	10	3379279	147	1			0		other	0
10106001_II	54	Response	1	3381591	2459	1
10106001_II	55	Sound	8	3392278	142	1			0		other	0
10106001_II	55	Response	1	3395190	3054	1
10106001_II	56	Sound	8	3413477	168	1			0		other	0
10106001_II	56	Response	1	3415269	1960	1
10106001_II	58	Response	252	3441507	9360	1
10106001_II	60	Sound	5	3457474	152	1			0		other	0
10106001_II	61	Sound	7	3477672	178	1			0		other	0
10106001_II	61	Response	1	3479904	2410	1
10106001_II	61	Response	1	3492623	15129	1
10106001_II	62	Sound	7	3501970	136	1			0		other	0
10106001_II	62	Response	1	3503742	1908	1
10106001_II	63	Sound	10	3516169	165	1			0		other	0
10106001_II	63	Response	1	3520141	4137	1
10106001_II	64	Sound	8	3532668	159	1			0		other	0
10106001_II	64	Response	1	3534780	2271	1
10106001_II	65	Sound	11	3551467	119	1			0		other	0
10106001_II	65	Response	1	3553339	1991	1
10106001_II	66	Sound	12	3566366	180	1			0		other	0
10106001_II	66	Response	1	3567978	1792	1
10106001_II	67	Sound	12	3580665	142	1			0		other	0
10106001_II	67	Response	1	3582377	1853	1
10106001_II	68	Sound	6	3597164	136	1			0		other	0
10106001_II	68	Response	1	3598935	1907	1
10106001_II	69	Sound	13	3612463	97	1			0		other	0
10106001_II	69	Response	1	3613814	1449	1
10106001_II	70	Sound	12	3627462	92	1			0		other	0
10106001_II	70	Response	1	3629093	1723	1
10106001_II	71	Sound	6	3641361	153	1			0		other	0
10106001_II	71	Response	1	3643332	2125	1
10106001_II	72	Sound	10	3663359	146	1			0		other	0
10106001_II	72	Response	1	3665410	2197	1
10106001_II	73	Sound	8	3681358	139	1			0		other	0
10106001_II	73	Response	1	3683729	2511	1
10106001_II	74	Sound	5	3698357	133	1			0		other	0
10106001_II	74	Response	1	3700288	2064	1
10106001_II	75	Sound	13	3721855	125	1			0		other	0
10106001_II	75	Response	1	3723246	1516	1
10106001_II	76	Sound	6	3739854	118	1			0		other	0
10106001_II	76	Response	1	3741405	1670	1
10106001_II	77	Sound	7	3751753	181	1			0		other	0
10106001_II	77	Response	1	3753804	2232	1
10106001_II	78	Sound	13	3772351	107	1			0		other	0
10106001_II	78	Response	1	3773962	1718	1
10106001_II	79	Sound	12	3794050	132	1			0		other	0
10106001_II	79	Response	1	3795321	1403	1
10106001_II	80	Sound	6	3810449	193	1			0		other	0
10106001_II	80	Response	1	3811720	1464	1
10106001_II	81	Sound	10	3834947	185	1			0		other	0
10106001_II	81	Response	1	3838198	3435	1
10106001_II	82	Sound	8	3857945	176	1			0		other	0
10106001_II	82	Response	1	3860036	2267	1
10106001_II	83	Sound	11	3871944	171	1			0		other	0
10106001_II	83	Response	1	3874195	2422	1
10106001_II	83	Response	1	3892354	20581	1
10106001_II	84	Sound	9	3894043	97	1			0		other	0
10106001_II	85	Sound	5	3912242	124	1			0		other	0
10106001_II	85	Response	1	3913552	1434	1
10106001_II	86	Sound	10	3923741	120	1			0		other	0
10106001_II	86	Response	1	3926831	3210	1
10106001_II	87	Sound	5	3943239	113	1			0		other	0
10106001_II	87	Response	1	3945230	2103	1
10106001_II	88	Sound	7	3965738	105	1			0		other	0
10106001_II	88	Response	1	3967228	1595	1
10106001_II	89	Sound	10	3986836	197	1			0		other	0
10106001_II	89	Response	1	3989547	2907	1
10106001_II	89	Response	1	4006985	20346	1
10106001_II	90	Sound	5	4010335	189	1			0		other	0
10106001_II	91	Sound	10	4026433	116	1			0		other	0
10106001_II	91	Response	1	4029063	2746	1
10106001_II	92	Sound	11	4050632	141	1			0		other	0
10106001_II	92	Response	1	4052662	2171	1
10106001_II	93	Sound	9	4073330	166	1			0		other	0
10106001_II	93	Response	1	4075781	2617	1
10106001_II	94	Sound	8	4095129	125	1			0		other	0
10106001_II	94	Response	1	4098099	3095	1
10106001_II	95	Sound	8	4115127	118	1			0		other	0
10106001_II	95	Response	1	4117297	2288	1
10106001_II	96	Sound	11	4134026	178	1			0		other	0
10106001_II	96	Response	1	4135856	2008	1
10106001_II	97	Sound	12	4146625	107	1			0		other	0
10106001_II	97	Response	1	4148815	2297	1
10106001_II	98	Sound	12	4158824	136	1			0		other	0
10106001_II	98	Response	1	4160574	1886	1
10106001_II	99	Sound	9	4178323	129	1			0		other	0
10106001_II	99	Response	1	4180653	2459	1
10106001_II	100	Sound	11	4201521	154	1			0		other	0
10106001_II	100	Response	1	4202971	1604	1
10106001_II	101	Sound	6	4222820	113	1			0		other	0
10106001_II	101	Response	1	4224569	1863	1
10106001_II	102	Sound	10	4240718	173	1			0		other	0
10106001_II	102	Response	1	4242888	2343	1
10106001_II	103	Sound	11	4252518	136	1			0		other	0
10106001_II	103	Response	1	4254967	2585	1
10106001_II	104	Sound	6	4270316	96	1			0		other	0
10106001_II	104	Response	1	4272166	1946	1
10106001_II	105	Sound	7	4283015	125	1			0		other	0
10106001_II	105	Response	1	4284885	1994	1
10106001_II	106	Sound	13	4295715	154	1			0		other	0
10106001_II	106	Response	1	4297124	1563	1
10106001_II	107	Sound	6	4318513	112	1			0		other	0
10106001_II	107	Response	1	4320002	1602	1
10106001_II	108	Sound	10	4333212	140	1			0		other	0
10106001_II	108	Response	1	4335121	2050	1
10106001_II	109	Sound	11	4353011	100	1			0		other	0
10106001_II	109	Response	1	4354560	1649	1
10106001_II	110	Sound	6	4377509	91	1			0		other	0
10106001_II	110	Response	1	4379198	1781	1
10106001_II	111	Sound	10	4400507	83	1			0		other	0
10106001_II	111	Response	1	4403276	2852	1
10106001_II	112	Sound	8	4416706	111	1			0		other	0
10106001_II	112	Response	1	4418955	2360	1
10106001_II	113	Sound	8	4438105	170	1			0		other	0
10106001_II	113	Response	1	4439114	1179	1
10106001_II	115	Response	1	4454393	2787	1
10106001_II	115	Response	252	4655098	203492	1
10106001_II	117	Sound	5	4670988	153	1			0		other	0
10106001_II	117	Response	1	4673497	2662	1
10106001_II	118	Sound	7	4689187	180	1			0		other	0
10106001_II	118	Response	1	4691175	2169	1
10106001_II	118	Response	1	4713254	24247	1
10106001_II	119	Sound	7	4713685	172	1			0		other	0
10106001_II	119	Response	1	4730692	17179	1
10106001_II	120	Sound	10	4737484	130	1			0		other	0
10106001_II	120	Response	1	4740532	3178	1
10106001_II	121	Sound	8	4754782	90	1			0		other	0
10106001_II	121	Response	1	4757570	2878	1
10106001_II	122	Sound	11	4773981	117	1			0		other	0
10106001_II	122	Response	1	4779169	5305	1
10106001_II	123	Sound	12	4785380	179	1			0		other	0
10106001_II	123	Response	1	4788368	3167	1
10106001_II	124	Sound	12	4806879	172	1			0		other	0
10106001_II	124	Response	1	4808687	1980	1
10106001_II	125	Sound	6	4823177	133	1			0		other	0
10106001_II	125	Response	1	4825245	2200	1
10106001_II	126	Sound	13	4837176	127	1			0		other	0
10106001_II	126	Response	1	4839244	2195	1
10106001_II	127	Sound	12	4852175	122	1			0		other	0
10106001_II	127	Response	1	4854363	2310	1
10106001_II	128	Sound	6	4865375	151	1			0		other	0
10106001_II	128	Response	1	4867242	2019	1
10106001_II	129	Sound	10	4890073	175	1			0		other	0
10106001_II	129	Response	1	4892360	2463	1
10106001_II	130	Sound	8	4904372	137	1			0		other	0
10106001_II	130	Response	1	4906759	2525	1
10106001_II	131	Sound	5	4924670	96	1			0		other	0
10106001_II	131	Response	1	4926598	2024	1
10106001_II	132	Sound	13	4948869	121	1			0		other	0
10106001_II	132	Response	1	4950676	1929	1
10106001_II	133	Sound	6	4965067	149	1			0		other	0
10106001_II	134	Sound	7	4983866	109	1			0		other	0
10106001_II	134	Response	1	4985394	1636	1
10106001_II	135	Sound	13	5004365	101	1			0		other	0
10106001_II	135	Response	1	5005472	1209	1
10106001_II	136	Sound	12	5023763	161	1			0		other	0
10106001_II	136	Response	1	5025391	1788	1
10106001_II	137	Sound	6	5044262	154	1			0		other	0
10106001_II	137	Response	1	5045709	1601	1
10106001_II	138	Sound	10	5067760	146	1			0		other	0
10106001_II	138	Response	1	5070587	2973	1
10106001_II	139	Sound	8	5087559	105	1			0		other	0
10106001_II	139	Response	1	5089786	2332	1
10106001_II	140	Sound	11	5103558	99	1			0		other	0
10106001_II	140	Response	1	5105545	2086	1
10106001_II	141	Sound	9	5120257	127	1			0		other	0
10106001_II	141	Response	1	5122584	2454	1
10106001_II	142	Sound	5	5137255	121	1			0		other	0
10106001_II	142	Response	1	5139142	2008	1
10106001_II	143	Sound	10	5157754	114	1			0		other	0
10106001_II	143	Response	1	5159941	2300	1
10106001_II	144	Sound	5	5173153	175	1			0		other	0
10106001_II	144	Response	1	5175460	2481	1
10106001_II	145	Sound	7	5192752	101	1			0		other	0
10106001_II	145	Response	1	5194898	2248	1
10106001_II	146	Sound	10	5213750	93	1			0		other	0
10106001_II	146	Response	1	5215617	1960	1
10106001_II	147	Sound	5	5225949	123	1			0		other	0
10106001_II	147	Response	1	5228336	2509	1
10106001_II	148	Sound	10	5239648	151	1			0		other	0
10106001_II	148	Response	1	5242095	2598	1
10106001_II	149	Sound	11	5260947	110	1			0		other	0
10106001_II	149	Response	1	5262573	1737	1
10106001_II	150	Sound	9	5275346	171	1			0		other	0
10106001_II	150	Response	1	5277452	2278	1
10106001_II	151	Sound	8	5290645	133	1			0		other	0
10106001_II	151	Response	1	5293371	2859	1
10106001_II	152	Sound	8	5312543	192	1			0		other	0
10106001_II	152	Response	1	5314570	2218	1
10106001_II	153	Sound	11	5337141	116	1			0		other	0
10106001_II	153	Response	1	5338808	1783	1
10106001_II	154	Sound	12	5354840	143	1			0		other	0
10106001_II	154	Response	1	5356487	1790	1
10106001_II	155	Sound	12	5378838	135	1			0		other	0
10106001_II	155	Response	1	5380565	1861	1
10106001_II	156	Sound	9	5395637	95	1			0		other	0
10106001_II	156	Response	1	5398243	2701	1
10106001_II	157	Sound	11	5413036	156	1			0		other	0
10106001_II	157	Response	1	5414642	1762	1
10106001_II	158	Sound	6	5426035	151	1			0		other	0
10106001_II	158	Response	1	5428641	2757	1
10106001_II	159	Sound	10	5438034	147	1			0		other	0
10106001_II	159	Response	1	5440640	2753	1
10106001_II	160	Sound	11	5452033	142	1			0		other	0
10106001_II	160	Response	1	5453919	2028	1
10106001_II	161	Sound	6	5474532	134	1			0		other	0
10106001_II	161	Response	1	5476238	1840	1
10106001_II	162	Sound	7	5498030	126	1			0		other	0
10106001_II	162	Response	1	5499836	1931	1
10106001_II	163	Sound	13	5511829	87	1			0		other	0
10106001_II	163	Response	1	5513595	1853	1
10106001_II	164	Sound	6	5530228	147	1			0		other	0
10106001_II	164	Response	1	5531674	1593	1
10106001_II	165	Sound	10	5545227	142	1			0		other	0
10106001_II	165	Response	1	5547912	2828	1
10106001_II	166	Sound	11	5562225	136	1			0		other	0
10106001_II	166	Response	1	5564071	1982	1
10106001_II	167	Sound	6	5577424	164	1			0		other	0
10106001_II	167	Response	1	5579110	1850	1
10106001_II	168	Sound	10	5600523	89	1			0		other	0
10106001_II	168	Response	1	5602948	2515	1
10106001_II	169	Sound	8	5611722	118	1			0		other	0
10106001_II	169	Response	1	5615187	3584	1
10106001_II	170	Sound	8	5631221	111	1			0		other	0
10106001_II	170	Response	1	5633506	2397	1
10106001_II	170	Response	1	5648385	17276	1
10106001_II	172	Response	252	5725019	71737	1
10106001_II	174	Sound	5	5740913	106	1			0		other	0
10106001_II	174	Response	1	5743178	2371	1
10106001_II	175	Sound	7	5757112	133	1			0		other	0
10106001_II	175	Response	1	5758857	1878	1
10106001_II	176	Sound	7	5779310	159	1			0		other	0
10106001_II	176	Response	1	5780935	1784	1
10106001_II	177	Sound	10	5800809	151	1			0		other	0
10106001_II	177	Response	1	5803414	2756	1
10106001_II	178	Sound	8	5815108	113	1			0		other	0
10106001_II	178	Response	1	5817653	2658	1
10106001_II	179	Sound	11	5835106	105	1			0		other	0
10106001_II	179	Response	1	5836851	1850	1
10106001_II	180	Sound	12	5853605	99	1			0		other	0
10106001_II	180	Response	1	5855250	1744	1
10106001_II	181	Sound	12	5875703	191	1			0		other	0
10106001_II	181	Response	1	5877488	1976	1
10106001_II	182	Sound	6	5899002	149	1			0		other	0
10106001_II	182	Response	1	5900687	1834	1
10106001_II	183	Sound	13	5914001	144	1			0		other	0
10106001_II	183	Response	1	5916365	2509	1
10106001_II	184	Sound	12	5929200	172	1			0		other	0
10106001_II	184	Response	1	5931004	1977	1
10106001_II	184	Response	1	5950443	21415	1
10106001_II	185	Sound	6	5953498	130	1			0		other	0
10106001_II	186	Sound	10	5971197	157	1			0		other	0
10106001_II	186	Response	1	5973641	2601	1
10106001_II	187	Sound	8	5984296	86	1			0		other	0
10106001_II	187	Response	1	5987160	2950	1
10106001_II	188	Sound	5	6006694	144	1			0		other	0
10106001_II	188	Response	1	6008599	2049	1
10106001_II	189	Sound	13	6018493	107	1			0		other	0
10106001_II	189	Response	1	6020358	1971	1
10106001_II	190	Sound	6	6031892	169	1			0		other	0
10106001_II	190	Response	1	6034117	2393	1
10106001_II	191	Sound	7	6051491	95	1			0		other	0
10106001_II	191	Response	1	6053155	1759	1
10106001_II	192	Sound	13	6070390	155	1			0		other	0
10106001_II	192	Response	1	6071874	1639	1
10106001_II	193	Sound	12	6093188	114	1			0		other	0
10106001_II	193	Response	1	6094832	1758	1
10106001_II	194	Sound	6	6117687	105	1			0		other	0
10106001_II	194	Response	1	6119710	2129	1
10106001_II	195	Sound	10	6142285	196	1			0		other	0
10106001_II	195	Response	1	6145309	3220	1
10106001_II	196	Sound	8	6156384	124	1			0		other	0
10106001_II	196	Response	1	6159308	3048	1
10106001_II	197	Sound	11	6177382	117	1			0		other	0
10106001_II	197	Response	1	6179146	1881	1
10106001_II	198	Sound	9	6188381	113	1			0		other	0
10106001_II	198	Response	1	6191385	3117	1
10106001_II	199	Sound	5	6201781	175	1			0		other	0
10106001_II	199	Response	1	6203624	2019	1
10106001_II	200	Sound	10	6221279	168	1			0		other	0
10106001_II	200	Response	1	6223463	2352	1
10106001_II	201	Sound	5	6240578	128	1			0		other	0
10106001_II	201	Response	1	6242741	2291	1
10106001_II	202	Sound	7	6252577	123	1			0		other	0
10106001_II	202	Response	1	6254741	2287	1
10106001_II	203	Sound	10	6273775	149	1			0		other	0
10106001_II	203	Response	1	6275699	2073	1
10106001_II	204	Sound	5	6287275	145	1			0		other	0
10106001_II	204	Response	1	6289058	1928	1
10106001_II	205	Sound	10	6306773	137	1			0		other	0
10106001_II	205	Response	1	6309137	2501	1
10106001_II	206	Sound	11	6319072	100	1			0		other	0
10106001_II	206	Response	1	6321376	2403	1
10106001_II	207	Sound	9	6337471	160	1			0		other	0
10106001_II	207	Response	1	6339694	2383	1
10106001_II	208	Sound	8	6358970	152	1			0		other	0
10106001_II	208	Response	1	6361533	2715	1
10106001_II	209	Sound	8	6370969	148	1			0		other	0
10106001_II	209	Response	1	6374012	3191	1
10106001_II	210	Sound	11	6388667	175	1			0		other	0
10106001_II	210	Response	1	6391291	2798	1
10106001_II	211	Sound	12	6407766	102	1			0		other	0
10106001_II	211	Response	1	6409609	1945	1
10106001_II	212	Sound	12	6421165	163	1			0		other	0
10106001_II	212	Response	1	6423128	2127	1
10106001_II	213	Sound	9	6442964	122	1			0		other	0
10106001_II	213	Response	1	6446087	3245	1
10106001_II	214	Sound	11	6454363	185	1			0		other	0
10106001_II	214	Response	1	6456566	2388	1
10106001_II	215	Sound	6	6474461	111	1			0		other	0
10106001_II	215	Response	1	6476884	2534	1
10106001_II	216	Sound	10	6485861	174	1			0		other	0
10106001_II	216	Response	1	6489363	3677	1
10106001_II	217	Sound	11	6508659	133	1			0		other	0
10106001_II	217	Response	1	6510562	2035	1
10106001_II	218	Sound	6	6520958	95	1			0		other	0
10106001_II	218	Response	1	6523201	2337	1
10106001_II	219	Sound	7	6541857	154	1			0		other	0
10106001_II	219	Response	1	6543919	2216	1
10106001_II	220	Sound	13	6564555	179	1			0		other	0
10106001_II	220	Response	1	6565358	982	1
10106001_II	221	Sound	6	6579054	174	1			0		other	0
10106001_II	221	Response	1	6581117	2236	1
10106001_II	222	Sound	10	6596653	101	1			0		other	0
10106001_II	222	Response	1	6599675	3123	1
10106001_II	223	Sound	11	6615851	127	1			0		other	0
10106001_II	223	Response	1	6617594	1870	1
10106001_II	224	Sound	6	6640250	185	1			0		other	0
10106001_II	224	Response	1	6642232	2168	1
10106001_II	225	Sound	10	6662348	111	1			0		other	0
10106001_II	225	Response	1	6664951	2713	1
10106001_II	226	Sound	8	6679847	105	1			0		other	0
10106001_II	226	Response	1	6682629	2887	1
10106001_II	227	Sound	8	6698746	165	1			0		other	0
10106001_II	227	Response	1	6702948	4367	1
10106001_II	229	Response	252	6867496	153078	1
10106001_II	231	Sound	5	6883433	132	1			0		other	0
10106001_II	231	Response	1	6886934	3634	1
10106001_II	232	Sound	7	6900731	93	1			0		other	0
10106001_II	232	Response	1	6902613	1974	1
10106001_II	233	Sound	7	6914330	188	1			0		other	0
10106001_II	233	Response	1	6915972	1829	1
10106001_II	233	Response	1	6934531	20388	1
10106001_II	234	Sound	10	6939129	146	1			0		other	0
10106001_II	235	Sound	8	6953928	107	1			0		other	0
10106001_II	235	Response	1	6956129	2308	1
10106001_II	236	Sound	11	6977326	165	1			0		other	0
10106001_II	236	Response	1	6979087	1927	1
10106001_II	237	Sound	12	7000124	124	1			0		other	0
10106001_II	237	Response	1	7001806	1805	1
10106001_II	238	Sound	12	7018523	184	1			0		other	0
10106001_II	238	Response	1	7020364	2025	1
10106001_II	239	Sound	6	7030122	113	1			0		other	0
10106001_II	239	Response	1	7032604	2595	1
10106001_II	240	Sound	13	7045021	174	1			0		other	0
10106001_II	240	Response	1	7047002	2156	1
10106001_II	241	Sound	12	7059520	169	1			0		other	0
10106001_II	241	Response	1	7061241	1891	1
10106001_II	242	Sound	6	7080819	129	1			0		other	0
10106001_II	242	Response	1	7082200	1510	1
10106001_II	243	Sound	10	7104117	87	1			0		other	0
10106001_II	243	Response	1	7106438	2408	1
10106001_II	244	Sound	8	7120516	148	1			0		other	0
10106001_II	244	Response	1	7122837	2469	1
10106001_II	245	Sound	5	7134715	176	1			0		other	0
10106001_II	245	Response	1	7136996	2457	1
10106001_II	246	Sound	13	7146814	105	1			0		other	0
10106001_II	246	Response	1	7148835	2126	1
10106001_II	247	Sound	6	7163813	99	1			0		other	0
10106001_II	247	Response	1	7165394	1680	1
10106001_II	248	Sound	7	7177812	94	1			0		other	0
10106001_II	248	Response	1	7181153	3435	1
10106001_II	249	Sound	13	7200010	119	1			0		other	0
10106001_II	249	Response	1	7201471	1580	1
10106001_II	250	Sound	12	7218509	113	1			0		other	0
10106001_II	250	Response	1	7220030	1633	1
10106001_II	251	Sound	6	7230908	175	1			0		other	0
10106001_II	251	Response	1	7232669	1936	1
10106001_II	252	Sound	10	7252507	101	1			0		other	0
10106001_II	252	Response	1	7254347	1941	1
10106001_II	253	Sound	8	7267206	129	1			0		other	0
10106001_II	253	Response	1	7269386	2309	1
10106001_II	254	Sound	11	7291104	187	1			0		other	0
10106001_II	254	Response	1	7292345	1427	1
10106001_II	255	Sound	9	7302203	116	1			0		other	0
10106001_II	255	Response	1	7306263	4177	1
10106001_II	256	Sound	5	7321102	176	1			0		other	0
10106001_II	256	Response	1	7322902	1977	1
10106001_II	257	Sound	10	7343100	168	1			0		other	0
10106001_II	257	Response	1	7345381	2449	1
10106001_II	258	Sound	5	7358399	129	1			0		other	0
10106001_II	258	Response	1	7360260	1990	1
10106001_II	259	Sound	7	7369698	92	1			0		other	0
10106001_II	259	Response	1	7372259	2652	1
10106001_II	260	Sound	10	7381298	188	1			0		other	0
10106001_II	260	Response	1	7383858	2748	1
10106001_II	261	Sound	5	7396897	116	1			0		other	0
10106001_II	261	Response	1	7398497	1716	1
10106001_II	262	Sound	10	7419295	175	1			0		other	0
10106001_II	262	Response	1	7421615	2495	1
10106001_II	263	Sound	11	7430594	137	1			0		other	0
10106001_II	263	Response	1	7432974	2517	1
10106001_II	264	Sound	9	7454393	96	1			0		other	0
10106001_II	264	Response	1	7456573	2276	1
10106001_II	265	Sound	8	7474391	88	1			0		other	0
10106001_II	265	Response	1	7476491	2188	1
10106001_II	266	Sound	8	7498989	180	1			0		other	0
10106001_II	266	Response	1	7500969	2160	1
10106001_II	267	Sound	11	7514988	174	1			0		other	0
10106001_II	267	Response	1	7517288	2474	1
10106001_II	268	Sound	12	7538987	165	1			0		other	0
10106001_II	268	Response	1	7540886	2065	1
10106001_II	269	Sound	12	7562285	124	1			0		other	0
10106001_II	269	Response	1	7564085	1923	1
10106001_II	270	Sound	9	7582284	116	1			0		other	0
10106001_II	270	Response	1	7584403	2236	1
10106001_II	271	Sound	11	7603482	142	1			0		other	0
10106001_II	271	Response	1	7605122	1782	1
10106001_II	272	Sound	6	7617181	171	1			0		other	0
10106001_II	272	Response	1	7618641	1630	1
10106001_II	273	Sound	10	7628780	100	1			0		other	0
10106001_II	273	Response	1	7632240	3559	1
10106001_II	274	Sound	11	7643279	95	1			0		other	0
10106001_II	274	Response	1	7645119	1934	1
10106001_II	274	Response	1	7661677	18493	1
10106001_II	275	Sound	6	7662678	154	1			0		other	0
10106001_II	276	Sound	7	7679977	115	1			0		other	0
10106001_II	276	Response	1	7681836	1974	1
10106001_II	277	Sound	13	7695176	143	1			0		other	0
10106001_II	277	Response	1	7697515	2482	1
10106001_II	278	Sound	6	7714874	169	1			0		other	0
10106001_II	278	Response	1	7716553	1849	1
10106001_II	279	Sound	10	7726673	132	1			0		other	0
10106001_II	279	Response	1	7729672	3131	1
10106001_II	280	Sound	11	7744472	92	1			0		other	0
10106001_II	280	Response	1	7745351	971	1
10106001_II	281	Sound	6	7758671	120	1			0		other	0
10106001_II	281	Response	1	7760470	1919	1
10106001_II	282	Sound	10	7774670	115	1			0		other	0
10106001_II	282	Response	1	7776789	2234	1
10106001_II	283	Sound	8	7786669	110	1			0		other	0
10106001_II	283	Response	1	7789028	2469	1
10106001_II	284	Sound	8	7800868	139	1			0		other	0
10106001_II	284	Response	1	7803267	2538	1
10106001_II	286	Response	252	7829665	15599	1
10106001_II	288	Sound	5	7845565	156	1			0		other	0
10106001_II	288	Response	1	7847184	1775	1
10106001_II	289	Sound	7	7863264	183	1			0		other	0
10106001_II	289	Response	1	7865103	2022	1
10106001_II	290	Sound	7	7875363	112	1			0		other	0
10106001_II	290	Response	1	7878622	3371	1
10106001_II	291	Sound	10	7889362	107	1			0		other	0
10106001_II	291	Response	1	7891261	2006	1
10106001_II	292	Sound	8	7913860	98	1			0		other	0
10106001_II	292	Response	1	7915979	2217	1
10106001_II	293	Sound	11	7937459	190	1			0		other	0
10106001_II	293	Response	1	7939097	1829	1
10106001_II	294	Sound	12	7960557	115	1			0		other	0
10106001_II	294	Response	1	7961815	1374	1
10106001_II	295	Sound	12	7981055	108	1			0		other	0
10106001_II	295	Response	1	7982614	1666	1
10106001_II	296	Sound	6	7994055	103	1			0		other	0
10106001_II	296	Response	1	7996373	2422	1
10106001_II	297	Sound	13	8017753	128	1			0		other	0
10106001_II	297	Response	1	8019251	1626	1
10106001_II	298	Sound	12	8031952	156	1			0		other	0
10106001_II	298	Response	1	8033490	1695	1
10106001_II	299	Sound	6	8045551	85	1			0		other	0
10106001_II	299	Response	1	8047249	1783	1
10106001_II	300	Sound	10	8067949	144	1			0		other	0
10106001_II	300	Response	1	8069968	2162	1
10106001_II	301	Sound	8	8081748	105	1			0		other	0
10106001_II	301	Response	1	8084366	2723	1
10106001_II	302	Sound	5	8104347	197	1			0		other	0
10106001_II	302	Response	1	8105565	1415	1
10106001_II	302	Response	1	8121964	17814	1
10106001_II	303	Sound	13	8122946	124	1			0		other	0
10106001_II	304	Sound	6	8145844	182	1			0		other	0
10106001_II	304	Response	1	8147482	1820	1
10106001_II	304	Response	1	8161721	16059	1
10106001_II	305	Sound	7	8169342	174	1			0		other	0
10106001_II	306	Sound	13	8189341	167	1			0		other	0
10106001_II	306	Response	1	8190999	1825	1
10106001_II	307	Sound	12	8202340	162	1			0		other	0
10106001_II	307	Response	1	8204518	2340	1
10106001_II	307	Response	1	8221556	19379	1
10106001_II	308	Sound	6	8225538	187	1			0		other	0
10106001_II	309	Sound	10	8245037	180	1			0		other	0
10106001_II	309	Response	1	8247075	2218	1
10106001_II	310	Sound	8	8258836	142	1			0		other	0
10106001_II	310	Response	1	8261553	2860	1
10106001_II	311	Sound	11	8279134	102	1			0		other	0
10106001_II	311	Response	1	8280992	1959	1
10106001_II	312	Sound	9	8294133	96	1			0		other	0
10106001_II	312	Response	1	8297551	3514	1
10106001_II	313	Sound	5	8305233	192	1			0		other	0
10106001_II	313	Response	1	8306750	1710	1
10106001_II	314	Sound	10	8326531	151	1			0		other	0
10106001_II	314	Response	1	8326588	209	1
10106001_II	315	Sound	5	8338030	147	1			0		other	0
10106001_II	315	Response	1	8339708	1825	1
10106001_II	316	Sound	7	8355829	108	1			0		other	0
10106001_II	316	Response	1	8357386	1665	1
10106001_II	316	Response	1	8376665	20943	1
10106001_II	317	Sound	10	8379728	166	1			0		other	0
10106001_II	318	Sound	5	8397026	126	1			0		other	0
10106001_II	318	Response	1	8398743	1843	1
10106001_II	319	Sound	10	8412525	121	1			0		other	0
10106001_II	319	Response	1	8416422	4018	1
10106001_II	320	Sound	11	8434924	179	1			0		other	0
10106001_II	320	Response	1	8436261	1517	1
10106001_II	321	Sound	9	8454222	139	1			0		other	0
10106001_II	321	Response	1	8456339	2256	1
10106001_II	322	Sound	8	8467221	135	1			0		other	0
10106001_II	322	Response	1	8469698	2611	1
10106001_II	323	Sound	8	8489920	160	1			0		other	0
10106001_II	323	Response	1	8492017	2257	1
10106001_II	324	Sound	11	8506219	121	1			0		other	0
10106001_II	324	Response	1	8507935	1838	1
10106001_II	325	Sound	12	8525117	181	1			0		other	0
10106001_II	325	Response	1	8526734	1797	1
10106001_II	326	Sound	12	8541916	141	1			0		other	0
10106001_II	326	Response	1	8543773	1998	1
10106001_II	327	Sound	9	8564914	133	1			0		other	0
10106001_II	327	Response	1	8566651	1870	1
10106001_II	328	Sound	11	8576114	163	1			0		other	0
10106001_II	328	Response	1	8578250	2299	1
10106001_II	329	Sound	6	8587813	192	1			0		other	0
10106001_II	329	Response	1	8590249	2628	1
10106001_II	329	Response	1	8602328	14707	1
10106001_II	330	Sound	10	8612111	150	1			0		other	0
10106001_II	330	Response	1	8614328	2366	1
10106001_II	331	Sound	11	8625610	145	1			0		other	0
10106001_II	331	Response	1	8627447	1981	1
10106001_II	332	Sound	6	8646109	137	1			0		other	0
10106001_II	332	Response	1	8647765	1794	1
10106001_II	333	Sound	7	8658308	167	1			0		other	0
10106001_II	333	Response	1	8660644	2503	1
10106001_II	334	Sound	13	8677806	160	1			0		other	0
10106001_II	334	Response	1	8679443	1796	1
10106001_II	335	Sound	6	8693605	121	1			0		other	0
10106001_II	335	Response	1	8695602	2117	1
10106001_II	336	Sound	10	8715004	180	1			0		other	0
10106001_II	336	Response	1	8718320	3496	1
10106001_II	337	Sound	11	8733603	106	1			0		other	0
10106001_II	337	Response	1	8735359	1863	1
10106001_II	338	Sound	6	8745302	136	1			0		other	0
10106001_II	338	Response	1	8747998	2832	1
10106001_II	339	Sound	10	8761001	163	1			0		other	0
10106001_II	339	Response	1	8763757	2919	1
10106001_II	340	Sound	8	8779699	190	1			0		other	0
10106001_II	340	Response	1	8782075	2566	1
10106001_II	341	Sound	8	8804298	115	1			0		other	0
10106001_II	341	Response	1	8806713	2530	1
10106001_II	343	Response	252	8831672	11151	1
10106001_II	345	Sound	5	8847495	132	1			0		other	0
10106001_II	345	Response	1	8848950	1588	1
10106001_II	346	Sound	7	8867893	192	1			0		other	0
10106001_II	346	Response	1	8869189	1488	1
10106001_II	346	Response	1	8883668	15967	1
10106001_II	347	Sound	7	8891392	184	1			0		other	0
10106001_II	347	Response	1	8893667	2459	1
10106001_II	348	Sound	10	8907690	144	1			0		other	0
10106001_II	348	Response	1	8910066	2520	1
10106001_II	349	Sound	8	8930489	103	1			0		other	0
10106001_II	349	Response	1	8933424	3038	1
10106001_II	350	Sound	11	8949887	163	1			0		other	0
10106001_II	350	Response	1	8951583	1858	1
10106001_II	351	Sound	12	8972586	188	1			0		other	0
10106001_II	351	Response	1	8974301	1903	1
10106001_II	352	Sound	12	8986585	183	1			0		other	0
10106001_II	352	Response	1	8989180	2778	1
10106001_II	353	Sound	6	9001884	144	1			0		other	0
10106001_II	353	Response	1	9003819	2080	1
10106001_II	354	Sound	13	9016383	139	1			0		other	0
10106001_II	354	Response	1	9017978	1734	1
10106001_II	355	Sound	12	9037781	198	1			0		other	0
10106001_II	355	Response	1	9039176	1593	1
10106001_II	356	Sound	6	9058380	124	1			0		other	0
10106001_II	356	Response	1	9060375	2119	1
10106001_II	357	Sound	10	9082378	115	1			0		other	0
10106001_II	357	Response	1	9085493	3230	1
10106001_II	358	Sound	8	9093777	178	1			0		other	0
10106001_II	358	Response	1	9096372	2773	1
10106001_II	359	Sound	5	9112076	138	1			0		other	0
10106001_II	359	Response	1	9113651	1713	1
10106001_II	360	Sound	13	9134474	197	1			0		other	0
10106001_II	360	Response	1	9136129	1852	1
10106001_II	361	Sound	6	9158273	155	1			0		other	0
10106001_II	361	Response	1	9159728	1610	1
10106001_II	362	Sound	7	9176471	182	1			0		other	0
10106001_II	362	Response	1	9178126	1837	1
10106001_II	363	Sound	13	9191770	143	1			0		other	0
10106001_II	363	Response	1	9193405	1778	1
10106001_II	364	Sound	12	9203470	172	1			0		other	0
10106001_II	364	Response	1	9205404	2107	1
10106001_II	365	Sound	6	9221068	99	1			0		other	0
10106001_II	365	Response	1	9222443	1474	1
10106001_II	366	Sound	10	9236267	127	1			0		other	0
10106001_II	366	Response	1	9238602	2462	1
10106001_II	367	Sound	8	9250466	156	1			0		other	0
10106001_II	367	Response	1	9252601	2290	1
10106001_II	368	Sound	11	9261265	118	1			0		other	0
10106001_II	368	Response	1	9263960	2813	1
10106001_II	369	Sound	9	9280264	112	1			0		other	0
10106001_II	369	Response	1	9282279	2126	1
10106001_II	370	Sound	5	9296163	173	1			0		other	0
10106001_II	370	Response	1	9298037	2047	1
10106001_II	371	Sound	10	9314762	99	1			0		other	0
10106001_II	371	Response	1	9316996	2334	1
10106001_II	372	Sound	5	9335860	192	1			0		other	0
10106001_II	372	Response	1	9337315	1646	1
10106001_II	373	Sound	7	9352459	119	1			0		other	0
10106001_II	373	Response	1	9354593	2253	1
10106001_II	374	Sound	10	9373358	178	1			0		other	0
10106001_II	374	Response	1	9375312	2133	1
10106001_II	375	Sound	5	9384857	174	1			0		other	0
10106001_II	375	Response	1	9386671	1989	1
10106001_II	376	Sound	10	9400956	102	1			0		other	0
10106001_II	376	Response	1	9403950	3096	1
10106001_II	377	Sound	11	9424054	194	1			0		other	0
10106001_II	377	Response	1	9425148	1288	1
10106001_II	378	Sound	9	9439853	155	1			0		other	0
10106001_II	378	Response	1	9441787	2089	1
10106001_II	379	Sound	8	9455152	116	1			0		other	0
10106001_II	379	Response	1	9459466	4430	1
10106001_II	380	Sound	8	9471851	143	1			0		other	0
10106001_II	380	Response	1	9474265	2557	1
10106001_II	381	Sound	11	9492649	103	1			0		other	0
10106001_II	381	Response	1	9493943	1396	1
10106001_II	382	Sound	12	9512348	129	1			0		other	0
10106001_II	382	Response	1	9514022	1803	1
10106001_II	383	Sound	12	9534346	121	1			0		other	0
10106001_II	383	Response	1	9535700	1475	1
10106001_II	384	Sound	9	9552245	181	1			0		other	0
10106001_II	384	Response	1	9554259	2195	1
10106001_II	385	Sound	11	9566244	176	1			0		other	0
10106001_II	385	Response	1	9568258	2190	1
10106001_II	386	Sound	6	9578243	172	1			0		other	0
10106001_II	386	Response	1	9580497	2426	1
10106001_II	387	Sound	10	9590242	168	1			0		other	0
10106001_II	387	Response	1	9592656	2581	1
10106001_II	388	Sound	11	9605341	96	1			0		other	0
10106001_II	388	Response	1	9606895	1649	1
10106001_II	389	Sound	6	9616940	192	1			0		other	0
10106001_II	389	Response	1	9618494	1745	1
10106001_II	389	Response	1	9634413	17664	1
10106001_II	390	Sound	7	9635739	152	1			0		other	0
10106001_II	391	Sound	13	9658937	177	1			0		other	0
10106001_II	391	Response	1	9660411	1650	1
10106001_II	392	Sound	6	9678236	137	1			0		other	0
10106001_II	392	Response	1	9679849	1750	1
10106001_II	393	Sound	10	9702235	128	1			0		other	0
10106001_II	393	Response	1	9705608	3501	1
10106001_II	394	Sound	11	9715434	157	1			0		other	0
10106001_II	394	Response	1	9718087	2810	1
10106001_II	395	Sound	6	9739132	181	1			0		other	0
10106001_II	395	Response	1	9739445	495	1
10106001_II	396	Sound	10	9760230	107	1			0		other	0
10106001_II	396	Response	1	9763283	3160	1
10106001_II	397	Sound	8	9780429	133	1			0		other	0
10106001_II	397	Response	1	9782482	2186	1
10106001_II	398	Sound	8	9794728	95	1			0		other	0
10106001_II	398	Response	1	9797361	2728	1
10106001_II	400	Response	252	9827519	16714	1
10106001_II	402	Sound	5	9843425	111	1			0		other	0
10106001_II	402	Response	1	9844797	1484	1
10106001_II	403	Sound	7	9863123	137	1			0		other	0
10106001_II	403	Response	1	9864636	1650	1
10106001_II	404	Sound	7	9877622	132	1			0		other	0
10106001_II	404	Response	1	9879275	1785	1
10106001_II	405	Sound	10	9900120	124	1			0		other	0
10106001_II	405	Response	1	9901993	1997	1
10106001_II	406	Sound	8	9912120	120	1			0		other	0
10106001_II	406	Response	1	9914632	2632	1
10106001_II	407	Sound	11	9926919	81	1			0		other	0
10106001_II	407	Response	1	9928631	1794	1
10106001_II	408	Sound	12	9940618	110	1			0		other	0
10106001_II	408	Response	1	9942230	1722	1
10106001_II	409	Sound	12	9961516	169	1			0		other	0
10106001_II	409	Response	1	9963189	1841	1
10106001_II	410	Sound	6	9976615	97	1			0		other	0
10106001_II	410	Response	1	9977988	1469	1
10106001_II	411	Sound	13	9990514	158	1			0		other	0
10106001_II	411	Response	1	9992227	1871	1
10106001_II	412	Sound	12	10009213	185	1			0		other	0
10106001_II	412	Response	1	10011185	2158	1
10106001_II	413	Sound	6	10028012	145	1			0		other	0
10106001_II	413	Response	1	10029584	1718	1
10106001_II	414	Sound	10	10049310	104	1			0		other	0
10106001_II	414	Response	1	10051182	1976	1
10106001_II	415	Sound	8	10069809	97	1			0		other	0
10106001_II	415	Response	1	10071501	1789	1
10106001_II	416	Sound	5	10083908	192	1			0		other	0
10106001_II	416	Response	1	10086620	2904	1
10106001_II	417	Sound	13	10098007	120	1			0		other	0
10106001_II	417	Response	1	10099899	2012	1
10106001_II	418	Sound	6	10112206	149	1			0		other	0
10106001_II	418	Response	1	10114138	2081	1
10106001_II	419	Sound	7	10133904	174	1			0		other	0
10106001_II	419	Response	1	10135736	2006	1
10106001_II	420	Sound	13	10146703	136	1			0		other	0
10106001_II	420	Response	1	10148375	1808	1
10106001_II	420	Response	1	10169174	22607	1
10106001_II	421	Sound	12	10170902	161	1			0		other	0
10106001_II	422	Sound	6	10190700	121	1			0		other	0
10106001_II	422	Response	1	10192772	2192	1
10106001_II	423	Sound	10	10202199	117	1			0		other	0
10106001_II	423	Response	1	10205171	3088	1
10106001_II	424	Sound	8	10217898	144	1			0		other	0
10106001_II	424	Response	1	10220450	2696	1
10106001_II	425	Sound	11	10230397	140	1			0		other	0
10106001_II	425	Response	1	10232689	2431	1
10106001_II	426	Sound	9	10249896	133	1			0		other	0
10106001_II	426	Response	1	10251968	2204	1
10106001_II	427	Sound	5	10261895	129	1			0		other	0
10106001_II	427	Response	1	10264366	2600	1
10106001_II	428	Sound	10	10280194	89	1			0		other	0
10106001_II	428	Response	1	10282285	2180	1
10106001_II	429	Sound	5	10296893	116	1			0		other	0
10106001_II	429	Response	1	10298444	1668	1
10106001_II	430	Sound	7	10314091	143	1			0		other	0
10106001_II	430	Response	1	10315723	1775	1
10106001_II	431	Sound	10	10332590	137	1			0		other	0
10106001_II	431	Response	1	10335641	3188	1
10106001_II	432	Sound	5	10350089	131	1			0		other	0
10106001_II	432	Response	1	10351800	1842	1
10106001_II	433	Sound	10	10368588	124	1			0		other	0
10106001_II	433	Response	1	10370759	2295	1
10106001_II	434	Sound	11	10384387	85	1			0		other	0
10106001_II	434	Response	1	10386038	1736	1
10106001_II	435	Sound	9	10406285	144	1			0		other	0
10106001_II	435	Response	1	10408756	2615	1
10106001_II	435	Response	1	10422515	16374	1
10106001_II	436	Sound	8	10426484	170	1			0		other	0
10106001_II	437	Sound	8	10443082	97	1			0		other	0
10106001_II	437	Response	1	10444833	1848	1
10106001_II	438	Sound	11	10459581	91	1			0		other	0
10106001_II	438	Response	1	10461232	1742	1
10106001_II	439	Sound	12	10478180	185	1			0		other	0
10106001_II	439	Response	1	10479791	1796	1
10106001_II	440	Sound	12	10500278	110	1			0		other	0
10106001_II	440	Response	1	10501869	1701	1
10106001_II	441	Sound	9	10513477	139	1			0		other	0
10106001_II	441	Response	1	10516908	3570	1
10106001_II	442	Sound	11	10536976	131	1			0		other	0
10106001_II	442	Response	1	10538507	1661	1
10106001_II	443	Sound	6	10561774	88	1			0		other	0
10106001_II	443	Response	1	10563225	1539	1
10106001_II	444	Sound	10	10581373	181	1			0		other	0
10106001_II	444	Response	1	10583943	2752	1
10106001_II	444	Response	1	10603622	22431	1
10106001_II	445	Sound	11	10604171	140	1			0		other	0
10106001_II	446	Sound	6	10627469	98	1			0		other	0
10106001_II	446	Response	1	10628980	1609	1
10106001_II	447	Sound	7	10640168	127	1			0		other	0
10106001_II	447	Response	1	10642259	2218	1
10106001_II	447	Response	1	10652978	12937	1
10106001_II	448	Sound	13	10661867	153	1			0		other	0
10106001_II	448	Response	1	10663457	1743	1
10106001_II	449	Sound	6	10683666	112	1			0		other	0
10106001_II	449	Response	1	10685136	1582	1
10106001_II	450	Sound	10	10699564	173	1			0		other	0
10106001_II	450	Response	1	10702175	2783	1
10106001_II	451	Sound	11	10713563	168	1			0		other	0
10106001_II	451	Response	1	10715694	2298	1
10106001_II	452	Sound	6	10726862	130	1			0		other	0
10106001_II	452	Response	1	10728813	2080	1
10106001_II	453	Sound	10	10738862	125	1			0		other	0
10106001_II	453	Response	1	10741692	2955	1
10106001_II	454	Sound	8	10759060	151	1			0		other	0
10106001_II	454	Response	1	10760890	1981	1
10106001_II	455	Sound	8	10771759	180	1			0		other	0
10106001_II	455	Response	1	10774409	2830	1
10106001_II	457	Response	252	11613708	821956	1
10106001_II	459	Sound	5	11629599	108	1			0		other	0
10106001_II	459	Response	1	11631786	2295	1
10106001_II	460	Sound	7	11654497	166	1			0		other	0
10106001_II	460	Response	1	11656025	1693	1
10106001_II	461	Sound	7	11677995	157	1			0		other	0
10106001_II	461	Response	1	11679223	1385	1
10106001_II	462	Sound	10	11688995	153	1			0		other	0
10106001_II	462	Response	1	11691702	2861	1
10106001_II	463	Sound	8	11703494	148	1			0		other	0
10106001_II	463	Response	1	11705461	2116	1
10106001_II	464	Sound	11	11727792	106	1			0		other	0
10106001_II	464	Response	1	11729459	1773	1
10106001_II	465	Sound	12	11742691	168	1			0		other	0
10106001_II	465	Response	1	11744338	1815	1
10106001_II	466	Sound	12	11758690	162	1			0		other	0
10106001_II	466	Response	1	11760257	1729	1
10106001_II	467	Sound	6	11771389	191	1			0		other	0
10106001_II	467	Response	1	11773136	1938	1
10106001_II	468	Sound	13	11782388	187	1			0		other	0
10106001_II	468	Response	1	11784255	2054	1
10106001_II	469	Sound	12	11805887	179	1			0		other	0
10106001_II	469	Response	1	11807453	1745	1
10106001_II	470	Sound	6	11825485	105	1			0		other	0
10106001_II	470	Response	1	11826892	1512	1
10106001_II	471	Sound	10	11839884	166	1			0		other	0
10106001_II	471	Response	1	11841051	1333	1
10106001_II	472	Sound	8	11852183	129	1			0		other	0
10106001_II	472	Response	1	11854170	2115	1
10106001_II	473	Sound	5	11874682	121	1			0		other	0
10106001_II	473	Response	1	11876488	1927	1
10106001_II	474	Sound	13	11895180	113	1			0		other	0
10106001_II	474	Response	1	11896807	1740	1
10106001_II	474	Response	1	11913366	18299	1
10106001_II	475	Sound	6	11915879	139	1			0		other	0
10106001_II	476	Sound	7	11926878	135	1			0		other	0
10106001_II	476	Response	1	11928885	2142	1
10106001_II	477	Sound	13	11943077	163	1			0		other	0
10106001_II	477	Response	1	11944803	1890	1
10106001_II	478	Sound	12	11954876	125	1			0		other	0
10106001_II	478	Response	1	11956643	1892	1
10106001_II	479	Sound	6	11973775	185	1			0		other	0
10106001_II	479	Response	1	11975201	1612	1
10106001_II	480	Sound	10	11997273	177	1			0		other	0
10106001_II	480	Response	1	12000319	3223	1
10106001_II	481	Sound	8	12009872	106	1			0		other	0
10106001_II	481	Response	1	12012558	2792	1
10106001_II	482	Sound	11	12027871	99	1			0		other	0
10106001_II	482	Response	1	12029357	1586	1
10106001_II	483	Sound	9	12046970	193	1			0		other	0
10106001_II	483	Response	1	12049436	2659	1
10106001_II	484	Sound	5	12061569	121	1			0		other	0
10106001_II	484	Response	1	12063035	1587	1
10106001_II	485	Sound	10	12072968	183	1			0		other	0
10106001_II	485	Response	1	12075274	2489	1
10106001_II	486	Sound	5	12090467	177	1			0		other	0
10106001_II	486	Response	1	12092473	2183	1
10106001_II	487	Sound	7	12102266	140	1			0		other	0
10106001_II	487	Response	1	12104072	1946	1
10106001_II	487	Response	1	12123271	21145	1
10106001_II	488	Sound	10	12125764	131	1			0		other	0
10106001_II	489	Sound	5	12147463	157	1			0		other	0
10106001_II	489	Response	1	12149108	1803	1
10106001_II	490	Sound	10	12159262	119	1			0		other	0
10106001_II	490	Response	1	12161348	2205	1
10106001_II	491	Sound	11	12178160	179	1			0		other	0
10106001_II	491	Response	1	12179906	1925	1
10106001_II	491	Response	1	12195585	17604	1
10106001_II	492	Sound	9	12202759	104	1			0		other	0
10106001_II	493	Sound	8	12220757	97	1			0		other	0
10106001_II	493	Response	1	12222943	2283	1
10106001_II	494	Sound	8	12232756	93	1			0		other	0
10106001_II	494	Response	1	12234942	2279	1
10106001_II	495	Sound	11	12256455	118	1			0		other	0
10106001_II	495	Response	1	12258540	2204	1
10106001_II	496	Sound	12	12267854	181	1			0		other	0
10106001_II	496	Response	1	12269660	1986	1
10106001_II	497	Sound	12	12281653	142	1			0		other	0
10106001_II	497	Response	1	12283419	1908	1
10106001_II	497	Response	1	12298298	16787	1
10106001_II	498	Sound	9	12299352	169	1			0		other	0
10106001_II	499	Sound	11	12313951	98	1			0		other	0
10106001_II	499	Response	1	12315336	1483	1
10106001_II	500	Sound	6	12331850	158	1			0		other	0
10106001_II	500	Response	1	12333655	1963	1
10106001_II	501	Sound	10	12345149	120	1			0		other	0
10106001_II	501	Response	1	12347894	2865	1
10106001_II	502	Sound	11	12360848	147	1			0		other	0
10106001_II	502	Response	1	12362453	1753	1
10106001_II	503	Sound	6	12379846	141	1			0		other	0
10106001_II	503	Response	1	12381491	1786	1
10106001_II	504	Sound	7	12395045	169	1			0		other	0
10106001_II	504	Response	1	12397410	2534	1
10106001_II	505	Sound	13	12411544	163	1			0		other	0
10106001_II	505	Response	1	12413569	2188	1
10106001_II	506	Sound	6	12425543	158	1			0		other	0
10106001_II	506	Response	1	12427168	1783	1
10106001_II	507	Sound	10	12436342	121	1			0		other	0
10106001_II	507	Response	1	12439407	3185	1
10106001_II	508	Sound	11	12451741	182	1			0		other	0
10106001_II	508	Response	1	12453326	1767	1
10106001_II	509	Sound	6	12465840	110	1			0		other	0
10106001_II	509	Response	1	12467325	1595	1
10106001_II	510	Sound	10	12479539	139	1			0		other	0
10106001_II	510	Response	1	12481324	1923	1
10106001_II	511	Sound	8	12496238	166	1			0		other	0
10106001_II	511	Response	1	12498363	2291	1
10106001_II	512	Sound	8	12510837	94	1			0		other	0
10106001_II	512	Response	1	12512762	2019	1
10106001_II	513	Response	1	12531320	340	1
10106001_II	514	Quit		13156567	624984	NA
